
# 20.2s user time, 100ms system time, 56.59M rss, 390.11G vsz
# Current date: Tue Nov 21 04:37:29 2023
# Hostname: YusukenoMac-mini.local
# Files: slowquery/log/mysql-slow.log
# Overall: 534.53k total, 180 unique, 5.24k QPS, 6.67x concurrency _______
# Time range: 2023-11-20T19:34:44 to 2023-11-20T19:36:26
# Attribute          total     min     max     avg     95%  stddev  median
# ============     ======= ======= ======= ======= ======= ======= =======
# Exec time           681s     1us     22s     1ms     4ms    32ms    66us
# Lock time            46s       0      1s    86us     1us     3ms       0
# Rows sent        383.10k       0    1012    0.73    0.99    4.05       0
# Rows examine      10.84M       0  23.48k   21.27   28.75  136.95       0
# Query size       105.72M       6 1008.95k  207.40  246.02  11.25k   31.70

# Profile
# Rank Query ID                            Response time  Calls  R/Call  V
# ==== =================================== ============== ====== ======= =
#    1 0x611363ACBD1690538F137757E45B738C  140.8229 20.7%   1716  0.0821  0.20 SELECT user_presents
#    2 0xF0F3320DE1260EAD27BC0426FCB34A4D   65.0050  9.6%   1716  0.0379  0.26 SELECT user_presents
#    3 0x1049606E13674A053E0CC69500F839DC   64.0067  9.4%   1709  0.0375  0.04 UPDATE user_one_time_tokens
#    4 0x03FFA53B9AEA23779E51FE7DD3DC165E   61.8525  9.1%  28555  0.0022  0.02 INSERT user_presents
#    5 0xFFFCA4D67EA0A788813031B8BBC3B329   53.4881  7.9%   5151  0.0104  0.00 COMMIT
#    6 0xDA556F9115773A1A99AA0165670CE848   25.9890  3.8% 169407  0.0002  0.00 ADMIN PREPARE
#    7 0xAFB4A7475DFDCF1D0D23CC5EC1952C3A   24.1267  3.5%   1711  0.0141  0.01 INSERT user_one_time_tokens
#    8 0x79A889ED30BFA8BF517F86F6D70065B6   22.4603  3.3%      1 22.4603  0.00 LOAD DATA user_presents
#    9 0x6E790EE92EFF4755B6E0FA83F9CA8363   21.0345  3.1%   1713  0.0123  0.05 UPDATE user_presents
#   10 0x584D7D428BA6602840353479CEB359A1   15.0595  2.2%   5875  0.0026  0.01 SELECT user_devices
#   11 0x8CA5C26DA1F53D285B58FE47352DA00A   12.7603  1.9%   9630  0.0013  0.00 SELECT user_sessions
#   12 0x75C006C72A2DD00658309A1A758E1BB6   12.3810  1.8%   1060  0.0117  0.01 UPDATE users
#   13 0xE3341326DCBBC41D81C9550FEAE6F248   11.8001  1.7%   1400  0.0084  0.03 SELECT user_present_all_received_history
#   14 0x41CEDDDAFB6289B60E5F30D0462408DB   10.7193  1.6%  14735  0.0007  0.01 INSERT user_present_all_received_history
#   15 0x2096778F723F6666B5D7DDC9D01010C7   10.4406  1.5%     46  0.2270  0.01 INSERT user_cards
#   16 0xE89B4FB5E77ED142BEAF8C3B369FA2FE   10.2010  1.5%   1713  0.0060  0.04 SELECT user_presents
#   17 0x50395CBB44EFB941B9A1D04B28581D9F    9.1898  1.4%   1382  0.0066  0.03 SELECT user_items
#   18 0x2372FB123B18A108CFBB5352F61B370B    8.4053  1.2%   9822  0.0009  0.01 SELECT users
#   19 0x0B3509236B570F5C5FE423B079765901    8.3022  1.2%   5484  0.0015  0.01 INSERT user_cards
#   20 0xED0711EB833D06BBD84F496A9784760B    8.2275  1.2%  16786  0.0005  0.00 UPDATE user_items
# MISC 0xMISC                               84.3347 12.4% 254919  0.0003   0.0 <160 ITEMS>

# Query 1: 28.13 QPS, 2.31x concurrency, ID 0x611363ACBD1690538F137757E45B738C at byte 181558920
# This item is included in the report because it matches --limit.
# Scores: V/M = 0.20
# Time range: 2023-11-20T19:35:25 to 2023-11-20T19:36:26
# Attribute    pct   total     min     max     avg     95%  stddev  median
# ============ === ======= ======= ======= ======= ======= ======= =======
# Count          0    1716
# Exec time     20    141s   148us   970ms    82ms   339ms   128ms    16ms
# Lock time      0     3ms       0   507us     1us     1us    13us     1us
# Rows sent      9  36.61k       0      65   21.84   36.69    9.88   22.53
# Rows examine   4 447.01k      47     691  266.74  652.75  236.09  124.25
# Query size     0 221.82k     126     138  132.37  136.99       6  124.25
# String:
# Databases    isucon
# Hosts        localhost
# Users        isucon
# Query_time distribution
#   1us
#  10us
# 100us  ###################################################
#   1ms  ###########################################
#  10ms  ##########################################################
# 100ms  ################################################################
#    1s
#  10s+
# Tables
#    SHOW TABLE STATUS FROM `isucon` LIKE 'user_presents'\G
#    SHOW CREATE TABLE `isucon`.`user_presents`\G
# EXPLAIN /*!50100 PARTITIONS*/
SELECT * FROM user_presents 
	WHERE user_id = 2092666404 AND deleted_at IS NULL
	ORDER BY created_at DESC, id
	LIMIT 100 OFFSET 0\G

# Query 2: 28.13 QPS, 1.07x concurrency, ID 0xF0F3320DE1260EAD27BC0426FCB34A4D at byte 207858741
# This item is included in the report because it matches --limit.
# Scores: V/M = 0.26
# Time range: 2023-11-20T19:35:25 to 2023-11-20T19:36:26
# Attribute    pct   total     min     max     avg     95%  stddev  median
# ============ === ======= ======= ======= ======= ======= ======= =======
# Count          0    1716
# Exec time      9     65s   112us      1s    38ms   198ms    99ms     3ms
# Lock time      0    10ms       0     3ms     5us     1us    83us     1us
# Rows sent      0   1.68k       1       1       1       1       0       1
# Rows examine   3 410.40k      27     660  244.90  621.67  232.46  112.70
# Query size     0 146.41k      81      93   87.37   92.72       6   80.10
# String:
# Databases    isucon
# Hosts        localhost
# Users        isucon
# Query_time distribution
#   1us
#  10us
# 100us  ################################################################
#   1ms  #########################################################
#  10ms  ###############################################
# 100ms  ###################
#    1s  #
#  10s+
# Tables
#    SHOW TABLE STATUS FROM `isucon` LIKE 'user_presents'\G
#    SHOW CREATE TABLE `isucon`.`user_presents`\G
# EXPLAIN /*!50100 PARTITIONS*/
SELECT COUNT(*) FROM user_presents WHERE user_id = 6105116236 AND deleted_at IS NULL\G

# Query 3: 28.48 QPS, 1.07x concurrency, ID 0x1049606E13674A053E0CC69500F839DC at byte 154377067
# This item is included in the report because it matches --limit.
# Scores: V/M = 0.04
# Time range: 2023-11-20T19:35:25 to 2023-11-20T19:36:25
# Attribute    pct   total     min     max     avg     95%  stddev  median
# ============ === ======= ======= ======= ======= ======= ======= =======
# Count          0    1709
# Exec time      9     64s     3ms   306ms    37ms   110ms    37ms    23ms
# Lock time     80     37s       0   284ms    22ms    82ms    33ms     7ms
# Rows sent      0       0       0       0       0       0       0       0
# Rows examine  12   1.40M       1   1.67k  859.28   1.53k  483.08  833.10
# Query size     0 173.57k     104     104     104     104       0     104
# String:
# Databases    isucon
# Hosts        localhost
# Users        isucon
# Query_time distribution
#   1us
#  10us
# 100us
#   1ms  ##############
#  10ms  ################################################################
# 100ms  ######
#    1s
#  10s+
# Tables
#    SHOW TABLE STATUS FROM `isucon` LIKE 'user_one_time_tokens'\G
#    SHOW CREATE TABLE `isucon`.`user_one_time_tokens`\G
UPDATE user_one_time_tokens SET deleted_at=1661715359 WHERE token='cdffd26e-79a2-45cf-a4a3-cca4f42bc7bf'\G
# Converted for EXPLAIN
# EXPLAIN /*!50100 PARTITIONS*/
select  deleted_at=1661715359 from user_one_time_tokens where  token='cdffd26e-79a2-45cf-a4a3-cca4f42bc7bf'\G

# Query 4: 468.11 QPS, 1.01x concurrency, ID 0x03FFA53B9AEA23779E51FE7DD3DC165E at byte 180341971
# This item is included in the report because it matches --limit.
# Scores: V/M = 0.02
# Time range: 2023-11-20T19:35:25 to 2023-11-20T19:36:26
# Attribute    pct   total     min     max     avg     95%  stddev  median
# ============ === ======= ======= ======= ======= ======= ======= =======
# Count          5   28555
# Exec time      9     62s    48us   147ms     2ms    12ms     6ms   138us
# Lock time      0    48ms       0     9ms     1us     1us    52us     1us
# Rows sent      0       0       0       0       0       0       0       0
# Rows examine   0       0       0       0       0       0       0       0
# Query size     6   6.90M     242     272  253.23  258.32    6.67  246.02
# String:
# Databases    isucon
# Hosts        localhost
# Users        isucon
# Query_time distribution
#   1us
#  10us  #################################
# 100us  ################################################################
#   1ms  ####################
#  10ms  ########
# 100ms  #
#    1s
#  10s+
# Tables
#    SHOW TABLE STATUS FROM `isucon` LIKE 'user_presents'\G
#    SHOW CREATE TABLE `isucon`.`user_presents`\G
INSERT INTO user_presents(id, user_id, sent_at, item_type, item_id, amount, present_message, created_at, updated_at) VALUES (6165345773480667543, 5148872553, 1661715369, 4, 21, 1, '3周年ガチャの付与アイテムです', 1661715369, 1661715369)\G

# Query 5: 84.44 QPS, 0.88x concurrency, ID 0xFFFCA4D67EA0A788813031B8BBC3B329 at byte 154238974
# This item is included in the report because it matches --limit.
# Scores: V/M = 0.00
# Time range: 2023-11-20T19:35:25 to 2023-11-20T19:36:26
# Attribute    pct   total     min     max     avg     95%  stddev  median
# ============ === ======= ======= ======= ======= ======= ======= =======
# Count          0    5151
# Exec time      7     53s     3ms   151ms    10ms    20ms     7ms     9ms
# Lock time      0       0       0       0       0       0       0       0
# Rows sent      0       0       0       0       0       0       0       0
# Rows examine   0       0       0       0       0       0       0       0
# Query size     0  30.18k       6       6       6       6       0       6
# String:
# Databases    isucon
# Hosts        localhost
# Users        isucon
# Query_time distribution
#   1us
#  10us
# 100us
#   1ms  ################################################################
#  10ms  ################################################
# 100ms  #
#    1s
#  10s+
COMMIT\G

# Query 6: 2.78k QPS, 0.43x concurrency, ID 0xDA556F9115773A1A99AA0165670CE848 at byte 173957578
# This item is included in the report because it matches --limit.
# Scores: V/M = 0.00
# Time range: 2023-11-20T19:35:25 to 2023-11-20T19:36:26
# Attribute    pct   total     min     max     avg     95%  stddev  median
# ============ === ======= ======= ======= ======= ======= ======= =======
# Count         31  169407
# Exec time      3     26s    18us    22ms   153us   515us   332us    66us
# Lock time      0    38us       0     4us       0       0       0       0
# Rows sent      0       0       0       0       0       0       0       0
# Rows examine   0       0       0       0       0       0       0       0
# Query size     4   4.85M      30      30      30      30       0      30
# String:
# Databases    isucon
# Hosts        localhost
# Users        isucon
# Query_time distribution
#   1us
#  10us  ################################################################
# 100us  #######################
#   1ms  ##
#  10ms  #
# 100ms
#    1s
#  10s+
administrator command: Prepare\G

# Query 7: 28.52 QPS, 0.40x concurrency, ID 0xAFB4A7475DFDCF1D0D23CC5EC1952C3A at byte 154256740
# This item is included in the report because it matches --limit.
# Scores: V/M = 0.01
# Time range: 2023-11-20T19:35:25 to 2023-11-20T19:36:25
# Attribute    pct   total     min     max     avg     95%  stddev  median
# ============ === ======= ======= ======= ======= ======= ======= =======
# Count          0    1711
# Exec time      3     24s     3ms   185ms    14ms    33ms    11ms    11ms
# Lock time      7      3s       0    55ms     2ms    12ms     5ms     1us
# Rows sent      0       0       0       0       0       0       0       0
# Rows examine   0       0       0       0       0       0       0       0
# Query size     0 373.23k     217     229  223.37  223.14    5.16  212.52
# String:
# Databases    isucon
# Hosts        localhost
# Users        isucon
# Query_time distribution
#   1us
#  10us
# 100us
#   1ms  #############################################
#  10ms  ################################################################
# 100ms  #
#    1s
#  10s+
# Tables
#    SHOW TABLE STATUS FROM `isucon` LIKE 'user_one_time_tokens'\G
#    SHOW CREATE TABLE `isucon`.`user_one_time_tokens`\G
INSERT INTO user_one_time_tokens(id, user_id, token, token_type, created_at, updated_at, expired_at) VALUES (6165345773480657202, 6165345773480655191, 'ce9216de-651b-4981-af65-482ba15ae925', 2, 1661715359, 1661715359, 1661715959)\G

# Query 8: 0 QPS, 0x concurrency, ID 0x79A889ED30BFA8BF517F86F6D70065B6 at byte 76650770
# This item is included in the report because it matches --limit.
# Scores: V/M = 0.00
# Time range: all events occurred at 2023-11-20T19:35:25
# Attribute    pct   total     min     max     avg     95%  stddev  median
# ============ === ======= ======= ======= ======= ======= ======= =======
# Count          0       1
# Exec time      3     22s     22s     22s     22s     22s       0     22s
# Lock time      0     2us     2us     2us     2us     2us       0     2us
# Rows sent      0       0       0       0       0       0       0       0
# Rows examine   0       0       0       0       0       0       0       0
# Query size     0     146     146     146     146     146       0     146
# String:
# Databases    isucon
# Hosts        localhost
# Users        isucon
# Query_time distribution
#   1us
#  10us
# 100us
#   1ms
#  10ms
# 100ms
#    1s
#  10s+  ################################################################
# Tables
#    SHOW TABLE STATUS FROM `isucon` LIKE 'user_presents'\G
#    SHOW CREATE TABLE `isucon`.`user_presents`\G
LOAD DATA INFILE '/var/lib/mysql-files/5_user_presents_not_receive_data.tsv' REPLACE INTO TABLE user_presents FIELDS ESCAPED BY '|' IGNORE 1 LINES\G

# Query 9: 28.55 QPS, 0.35x concurrency, ID 0x6E790EE92EFF4755B6E0FA83F9CA8363 at byte 205271163
# This item is included in the report because it matches --limit.
# Scores: V/M = 0.05
# Time range: 2023-11-20T19:35:25 to 2023-11-20T19:36:25
# Attribute    pct   total     min     max     avg     95%  stddev  median
# ============ === ======= ======= ======= ======= ======= ======= =======
# Count          0    1713
# Exec time      3     21s   156us   337ms    12ms    51ms    25ms     3ms
# Lock time      0     3ms       0   324us     1us     1us    10us     1us
# Rows sent      0       0       0       0       0       0       0       0
# Rows examine   0  36.57k       1      65   21.86   36.69    9.88   22.53
# Query size     0 749.34k     103   1.00k  447.94  685.39  179.87  363.48
# String:
# Databases    isucon
# Hosts        localhost
# Users        isucon
# Query_time distribution
#   1us
#  10us
# 100us  ####################################
#   1ms  ################################################################
#  10ms  ######################################
# 100ms  ##
#    1s
#  10s+
# Tables
#    SHOW TABLE STATUS FROM `isucon` LIKE 'user_presents'\G
#    SHOW CREATE TABLE `isucon`.`user_presents`\G
UPDATE user_presents SET deleted_at=1661715379, updated_at=1661715379 WHERE id IN (6165345773480675797, 6165345773480675839, 6165345773480675886, 6165345773480675889, 6165345773480675918, 6165345773480675975, 6165345773480676019, 6165345773480676081, 6165345773480676083, 6165345773480676086, 6165345773480676113, 6165345773480676115, 6165345773480676117, 6165345773480676166, 6165345773480676299, 6165345773480676380, 6165345773480676412, 6165345773480676415, 6165345773480676526, 6165345773480676607, 6165345773480676610, 6165345773480676660, 6165345773480676664, 6165345773480676714, 6165345773480676716, 6165345773480676766, 6165345773480676834, 6165345773480676836)\G
# Converted for EXPLAIN
# EXPLAIN /*!50100 PARTITIONS*/
select  deleted_at=1661715379, updated_at=1661715379 from user_presents where  id IN (6165345773480675797, 6165345773480675839, 6165345773480675886, 6165345773480675889, 6165345773480675918, 6165345773480675975, 6165345773480676019, 6165345773480676081, 6165345773480676083, 6165345773480676086, 6165345773480676113, 6165345773480676115, 6165345773480676117, 6165345773480676166, 6165345773480676299, 6165345773480676380, 6165345773480676412, 6165345773480676415, 6165345773480676526, 6165345773480676607, 6165345773480676610, 6165345773480676660, 6165345773480676664, 6165345773480676714, 6165345773480676716, 6165345773480676766, 6165345773480676834, 6165345773480676836)\G

# Query 10: 96.31 QPS, 0.25x concurrency, ID 0x584D7D428BA6602840353479CEB359A1 at byte 182300382
# This item is included in the report because it matches --limit.
# Scores: V/M = 0.01
# Time range: 2023-11-20T19:35:25 to 2023-11-20T19:36:26
# Attribute    pct   total     min     max     avg     95%  stddev  median
# ============ === ======= ======= ======= ======= ======= ======= =======
# Count          1    5875
# Exec time      2     15s    87us   100ms     3ms    13ms     6ms   247us
# Lock time      0    18ms       0     3ms     3us     1us    57us     1us
# Rows sent      1   5.74k       1       1       1       1       0       1
# Rows examine   0   5.74k       1       1       1       1       0       1
# Query size     0 458.33k      74      86   79.89   84.10    3.70   76.28
# String:
# Databases    isucon
# Hosts        localhost
# Users        isucon
# Query_time distribution
#   1us
#  10us  #
# 100us  ################################################################
#   1ms  ####################
#  10ms  #######
# 100ms  #
#    1s
#  10s+
# Tables
#    SHOW TABLE STATUS FROM `isucon` LIKE 'user_devices'\G
#    SHOW CREATE TABLE `isucon`.`user_devices`\G
# EXPLAIN /*!50100 PARTITIONS*/
SELECT * FROM user_devices WHERE user_id=5101905405 AND platform_id='28825330'\G

# Query 11: 157.87 QPS, 0.21x concurrency, ID 0x8CA5C26DA1F53D285B58FE47352DA00A at byte 204084256
# This item is included in the report because it matches --limit.
# Scores: V/M = 0.00
# Time range: 2023-11-20T19:35:25 to 2023-11-20T19:36:26
# Attribute    pct   total     min     max     avg     95%  stddev  median
# ============ === ======= ======= ======= ======= ======= ======= =======
# Count          1    9630
# Exec time      1     13s    67us    43ms     1ms     4ms     2ms   725us
# Lock time      0    22ms       0     4ms     2us     1us    41us     1us
# Rows sent      2   9.40k       0       1    1.00    0.99    0.01    0.99
# Rows examine  59   6.45M       4   1.37k  702.34   1.33k  404.28  685.39
# Query size     0 996.83k      81     106  106.00  102.22    0.23  102.22
# String:
# Databases    isucon
# Hosts        localhost
# Users        isucon
# Query_time distribution
#   1us
#  10us  ##
# 100us  ################################################################
#   1ms  ####################################
#  10ms  #
# 100ms
#    1s
#  10s+
# Tables
#    SHOW TABLE STATUS FROM `isucon` LIKE 'user_sessions'\G
#    SHOW CREATE TABLE `isucon`.`user_sessions`\G
# EXPLAIN /*!50100 PARTITIONS*/
SELECT * FROM user_sessions WHERE session_id='6863d694-aa74-47c5-8d37-85ef259df0ad' AND deleted_at IS NULL\G

# Query 12: 17.38 QPS, 0.20x concurrency, ID 0x75C006C72A2DD00658309A1A758E1BB6 at byte 154288940
# This item is included in the report because it matches --limit.
# Scores: V/M = 0.01
# Time range: 2023-11-20T19:35:25 to 2023-11-20T19:36:26
# Attribute    pct   total     min     max     avg     95%  stddev  median
# ============ === ======= ======= ======= ======= ======= ======= =======
# Count          0    1060
# Exec time      1     12s     3ms   151ms    12ms    24ms     8ms    10ms
# Lock time      0     2ms       0   203us     1us     1us     8us     1us
# Rows sent      0       0       0       0       0       0       0       0
# Rows examine   0   1.04k       1       1       1       1       0       1
# Query size     0  88.26k      82      87   85.26   84.10    1.01   84.10
# String:
# Databases    isucon
# Hosts        localhost
# Users        isucon
# Query_time distribution
#   1us
#  10us
# 100us
#   1ms  #############################################################
#  10ms  ################################################################
# 100ms  #
#    1s
#  10s+
# Tables
#    SHOW TABLE STATUS FROM `isucon` LIKE 'users'\G
#    SHOW CREATE TABLE `isucon`.`users`\G
UPDATE users SET isu_coin=667626340, last_getreward_at=1661715359 WHERE id=3404104369\G
# Converted for EXPLAIN
# EXPLAIN /*!50100 PARTITIONS*/
select  isu_coin=667626340, last_getreward_at=1661715359 from users where  id=3404104369\G

# Query 13: 22.95 QPS, 0.19x concurrency, ID 0xE3341326DCBBC41D81C9550FEAE6F248 at byte 159285472
# This item is included in the report because it matches --limit.
# Scores: V/M = 0.03
# Time range: 2023-11-20T19:35:25 to 2023-11-20T19:36:26
# Attribute    pct   total     min     max     avg     95%  stddev  median
# ============ === ======= ======= ======= ======= ======= ======= =======
# Count          0    1400
# Exec time      1     12s   210us   132ms     8ms    46ms    16ms     2ms
# Lock time      0     2ms       0   580us     1us     1us    15us     1us
# Rows sent      6  23.83k       0      28   17.43   26.08   10.69   26.08
# Rows examine   0  23.83k       0      28   17.43   26.08   10.69   26.08
# Query size     0 273.31k     192     208  199.91  202.40    4.13  192.76
# String:
# Databases    isucon
# Hosts        localhost
# Users        isucon
# Query_time distribution
#   1us
#  10us
# 100us  #######################################################
#   1ms  ################################################################
#  10ms  #############################
# 100ms  #
#    1s
#  10s+
# Tables
#    SHOW TABLE STATUS FROM `isucon` LIKE 'user_present_all_received_history'\G
#    SHOW CREATE TABLE `isucon`.`user_present_all_received_history`\G
# EXPLAIN /*!50100 PARTITIONS*/
SELECT * FROM user_present_all_received_history WHERE user_id=2675869594 AND present_all_id IN (1, 3, 4, 5, 6, 7, 8, 9, 10, 11, 12, 13, 14, 15, 16, 17, 18, 19, 20, 21, 22, 23, 24, 25, 26, 27, 28, 29)\G

# Query 14: 241.56 QPS, 0.18x concurrency, ID 0x41CEDDDAFB6289B60E5F30D0462408DB at byte 102282360
# This item is included in the report because it matches --limit.
# Scores: V/M = 0.01
# Time range: 2023-11-20T19:35:25 to 2023-11-20T19:36:26
# Attribute    pct   total     min     max     avg     95%  stddev  median
# ============ === ======= ======= ======= ======= ======= ======= =======
# Count          2   14735
# Exec time      1     11s    44us    51ms   727us     4ms     2ms   108us
# Lock time      0    23ms       0     2ms     1us     1us    22us     1us
# Rows sent      0       0       0       0       0       0       0       0
# Rows examine   0       0       0       0       0       0       0       0
# Query size     2   2.77M     189     201  197.40  192.76    4.44  192.76
# String:
# Databases    isucon
# Hosts        localhost
# Users        isucon
# Query_time distribution
#   1us
#  10us  #############################################################
# 100us  ################################################################
#   1ms  ############
#  10ms  ##
# 100ms
#    1s
#  10s+
# Tables
#    SHOW TABLE STATUS FROM `isucon` LIKE 'user_present_all_received_history'\G
#    SHOW CREATE TABLE `isucon`.`user_present_all_received_history`\G
INSERT INTO user_present_all_received_history(id, user_id, present_all_id, received_at, created_at, updated_at) VALUES (6165345773480637079, 6165345773480636917, 25, 1661628939, 1661628939, 1661628939)\G

# Query 15: 4.18 QPS, 0.95x concurrency, ID 0x2096778F723F6666B5D7DDC9D01010C7 at byte 241562
# This item is included in the report because it matches --limit.
# Scores: V/M = 0.01
# Time range: 2023-11-20T19:34:45 to 2023-11-20T19:34:56
# Attribute    pct   total     min     max     avg     95%  stddev  median
# ============ === ======= ======= ======= ======= ======= ======= =======
# Count          0      46
# Exec time      1     10s   181ms   392ms   227ms   308ms    43ms   208ms
# Lock time      0       0       0       0       0       0       0       0
# Rows sent      0       0       0       0       0       0       0       0
# Rows examine   0       0       0       0       0       0       0       0
# Query size    42  45.18M 970.86k 1006.59k 1005.76k 961.27k       0 961.27k
# String:
# Databases    isucon
# Hosts        localhost
# Users        isucon
# Query_time distribution
#   1us
#  10us
# 100us
#   1ms
#  10ms
# 100ms  ################################################################
#    1s
#  10s+
# Tables
#    SHOW TABLE STATUS FROM `isucon` LIKE 'user_cards'\G
#    SHOW CREATE TABLE `isucon`.`user_cards`\G
INSERT INTO `user_cards` VALUES (1042148,9904038980,6,720,36,5336,1639932222,1639932222,NULL) /*... omitted ...*/\G

# Query 16: 28.55 QPS, 0.17x concurrency, ID 0xE89B4FB5E77ED142BEAF8C3B369FA2FE at byte 204804145
# This item is included in the report because it matches --limit.
# Scores: V/M = 0.04
# Time range: 2023-11-20T19:35:25 to 2023-11-20T19:36:25
# Attribute    pct   total     min     max     avg     95%  stddev  median
# ============ === ======= ======= ======= ======= ======= ======= =======
# Count          0    1713
# Exec time      1     10s    82us   255ms     6ms    31ms    15ms   541us
# Lock time      0     3ms       0   141us     1us     1us     4us     1us
# Rows sent      9  36.57k       1      65   21.86   36.69    9.88   22.53
# Rows examine   0  36.57k       1      65   21.86   36.69    9.88   22.53
# Query size     0 717.56k      84    1008  428.94  652.75  177.62  346.17
# String:
# Databases    isucon
# Hosts        localhost
# Users        isucon
# Query_time distribution
#   1us
#  10us  #
# 100us  ################################################################
#   1ms  ############################
#  10ms  ###############
# 100ms  #
#    1s
#  10s+
# Tables
#    SHOW TABLE STATUS FROM `isucon` LIKE 'user_presents'\G
#    SHOW CREATE TABLE `isucon`.`user_presents`\G
# EXPLAIN /*!50100 PARTITIONS*/
SELECT * FROM user_presents WHERE id IN (6165345773480676423, 13019488075, 21677523371, 93859809631, 13647868713, 56922968447, 95436456480, 91170380224, 74046456554, 91722507350, 90871026325, 37850026834, 84301881140) AND deleted_at IS NULL\G

# Query 17: 23.42 QPS, 0.16x concurrency, ID 0x50395CBB44EFB941B9A1D04B28581D9F at byte 163287963
# This item is included in the report because it matches --limit.
# Scores: V/M = 0.03
# Time range: 2023-11-20T19:35:26 to 2023-11-20T19:36:25
# Attribute    pct   total     min     max     avg     95%  stddev  median
# ============ === ======= ======= ======= ======= ======= ======= =======
# Count          0    1382
# Exec time      1      9s    74us    86ms     7ms    36ms    13ms   626us
# Lock time      0     5ms       0     3ms     3us     1us    80us     1us
# Rows sent      1   6.24k       0      11    4.63    7.70    2.88    4.96
# Rows examine   0  13.45k       0      14    9.96   13.83    5.57   12.54
# Query size     0 162.25k      84     229  120.22  143.84   18.41  118.34
# String:
# Databases    isucon
# Hosts        localhost
# Users        isucon
# Query_time distribution
#   1us
#  10us  ####
# 100us  ################################################################
#   1ms  ###################################
#  10ms  #######################
# 100ms
#    1s
#  10s+
# Tables
#    SHOW TABLE STATUS FROM `isucon` LIKE 'user_items'\G
#    SHOW CREATE TABLE `isucon`.`user_items`\G
# EXPLAIN /*!50100 PARTITIONS*/
SELECT * FROM user_items WHERE user_id=4435836473 AND item_id IN (18, 21, 17, 21, 17, 19, 19, 20, 17, 21, 20, 18, 17, 17, 21, 20, 19, 23, 17)\G

# Query 18: 161.02 QPS, 0.14x concurrency, ID 0x2372FB123B18A108CFBB5352F61B370B at byte 209702557
# This item is included in the report because it matches --limit.
# Scores: V/M = 0.01
# Time range: 2023-11-20T19:35:25 to 2023-11-20T19:36:26
# Attribute    pct   total     min     max     avg     95%  stddev  median
# ============ === ======= ======= ======= ======= ======= ======= =======
# Count          1    9822
# Exec time      1      8s    42us    54ms   855us     5ms     2ms   119us
# Lock time      0    17ms       0   538us     1us     1us    12us     1us
# Rows sent      2   9.59k       0       1    1.00    0.99    0.01    0.99
# Rows examine   0   9.59k       0       1    1.00    0.99    0.01    0.99
# Query size     0 399.42k      33      48   41.64   46.83    3.94   38.53
# String:
# Databases    isucon
# Hosts        localhost
# Users        isucon
# Query_time distribution
#   1us
#  10us  ######################################################
# 100us  ################################################################
#   1ms  ################
#  10ms  ##
# 100ms
#    1s
#  10s+
# Tables
#    SHOW TABLE STATUS FROM `isucon` LIKE 'users'\G
#    SHOW CREATE TABLE `isucon`.`users`\G
# EXPLAIN /*!50100 PARTITIONS*/
SELECT * FROM users WHERE id=4606169949\G

# Query 19: 91.40 QPS, 0.14x concurrency, ID 0x0B3509236B570F5C5FE423B079765901 at byte 161112972
# This item is included in the report because it matches --limit.
# Scores: V/M = 0.01
# Time range: 2023-11-20T19:35:25 to 2023-11-20T19:36:25
# Attribute    pct   total     min     max     avg     95%  stddev  median
# ============ === ======= ======= ======= ======= ======= ======= =======
# Count          1    5484
# Exec time      1      8s    48us    63ms     2ms     8ms     4ms   138us
# Lock time      0    11ms       0     3ms     2us     1us    43us     1us
# Rows sent      0       0       0       0       0       0       0       0
# Rows examine   0       0       0       0       0       0       0       0
# Query size     0 975.77k     176     194  182.20  183.58    4.08  174.84
# String:
# Databases    isucon
# Hosts        localhost
# Users        isucon
# Query_time distribution
#   1us
#  10us  ###############################
# 100us  ################################################################
#   1ms  ####################
#  10ms  #####
# 100ms
#    1s
#  10s+
# Tables
#    SHOW TABLE STATUS FROM `isucon` LIKE 'user_cards'\G
#    SHOW CREATE TABLE `isucon`.`user_cards`\G
INSERT INTO user_cards(id, user_id, card_id, amount_per_sec, level, total_exp, created_at, updated_at) VALUES (6165345773480659893, 8065460566, 10, 300, 1, 0, 1661715362, 1661715362)\G

# Query 20: 275.18 QPS, 0.13x concurrency, ID 0xED0711EB833D06BBD84F496A9784760B at byte 149803548
# This item is included in the report because it matches --limit.
# Scores: V/M = 0.00
# Time range: 2023-11-20T19:35:25 to 2023-11-20T19:36:26
# Attribute    pct   total     min     max     avg     95%  stddev  median
# ============ === ======= ======= ======= ======= ======= ======= =======
# Count          3   16786
# Exec time      1      8s    60us    40ms   490us     2ms     2ms   131us
# Lock time      0    24ms       0     2ms     1us     1us    19us     1us
# Rows sent      0       0       0       0       0       0       0       0
# Rows examine   0  16.39k       1       1       1       1       0       1
# Query size     1   1.20M      72      82   75.12   72.65    1.04   72.65
# String:
# Databases    isucon
# Hosts        localhost
# Users        isucon
# Query_time distribution
#   1us
#  10us  ####################
# 100us  ################################################################
#   1ms  ######
#  10ms  #
# 100ms
#    1s
#  10s+
# Tables
#    SHOW TABLE STATUS FROM `isucon` LIKE 'user_items'\G
#    SHOW CREATE TABLE `isucon`.`user_items`\G
UPDATE user_items SET amount=18, updated_at=1661715358 WHERE id=2780613885\G
# Converted for EXPLAIN
# EXPLAIN /*!50100 PARTITIONS*/
select  amount=18, updated_at=1661715358 from user_items where  id=2780613885\G
