
# 25.2s user time, 180ms system time, 70.66M rss, 390.12G vsz
# Current date: Tue Nov 21 00:54:43 2023
# Hostname: YusukenoMac-mini.local
# Files: slowquery/log/mysql-slow.log
# Overall: 643.81k total, 178 unique, 6.37k QPS, 5.61x concurrency _______
# Time range: 2023-11-20T15:51:41 to 2023-11-20T15:53:22
# Attribute          total     min     max     avg     95%  stddev  median
# ============     ======= ======= ======= ======= ======= ======= =======
# Exec time           567s     1us     20s   880us     2ms    26ms    63us
# Lock time            22s       0   864ms    34us     1us     2ms       0
# Rows sent        327.42k       0    1012    0.52    0.99    3.33       0
# Rows examine       6.82M       0   1.23k   11.10   12.54   82.67       0
# Query size       107.18M       6 1008.95k  174.57  192.76  10.26k   31.70

# Profile
# Rank Query ID                            Response time Calls  R/Call  V/
# ==== =================================== ============= ====== ======= ==
#    1 0x611363ACBD1690538F137757E45B738C  91.9609 16.2%   1315  0.0699  0.17 SELECT user_presents
#    2 0x3FFFD39D9DB10329B174042FE1810238  74.6811 13.2%  29898  0.0025  0.02 UPDATE user_presents
#    3 0xFFFCA4D67EA0A788813031B8BBC3B329  40.4124  7.1%   3896  0.0104  0.01 COMMIT
#    4 0xF0F3320DE1260EAD27BC0426FCB34A4D  36.8038  6.5%   1315  0.0280  0.23 SELECT user_presents
#    5 0x03FFA53B9AEA23779E51FE7DD3DC165E  35.1816  6.2%  21884  0.0016  0.02 INSERT user_presents
#    6 0xC20D9D224412E78025DDB691D46B02B6  32.4239  5.7%  15815  0.0021  0.02 SELECT user_items
#    7 0x1049606E13674A053E0CC69500F839DC  31.2523  5.5%   1255  0.0249  0.03 UPDATE user_one_time_tokens
#    8 0xDA556F9115773A1A99AA0165670CE848  31.0388  5.5% 208150  0.0001  0.00 ADMIN PREPARE
#    9 0x79A889ED30BFA8BF517F86F6D70065B6  20.3594  3.6%      1 20.3594  0.00 LOAD DATA user_presents
#   10 0xAFB4A7475DFDCF1D0D23CC5EC1952C3A  16.5495  2.9%   1261  0.0131  0.01 INSERT user_one_time_tokens
#   11 0x2096778F723F6666B5D7DDC9D01010C7  10.7741  1.9%     46  0.2342  0.01 INSERT user_cards
#   12 0x584D7D428BA6602840353479CEB359A1  10.7493  1.9%   4577  0.0023  0.01 SELECT user_devices
#   13 0xE3341326DCBBC41D81C9550FEAE6F248  10.7037  1.9%   1134  0.0094  0.03 SELECT user_present_all_received_history
#   14 0x75C006C72A2DD00658309A1A758E1BB6  10.0800  1.8%    902  0.0112  0.00 UPDATE users
#   15 0x2372FB123B18A108CFBB5352F61B370B   8.9398  1.6%  17483  0.0005  0.01 SELECT users
#   16 0xED0711EB833D06BBD84F496A9784760B   8.8741  1.6%  15014  0.0006  0.01 UPDATE user_items
#   17 0x8CA5C26DA1F53D285B58FE47352DA00A   8.1248  1.4%   7360  0.0011  0.00 SELECT user_sessions
#   18 0x5FF17CFE4371C68C8E9D993D1C94471F   7.2597  1.3%   1134  0.0064  0.29 INSERT user_sessions
#   19 0xD858CC1645CE084FE3844E34483B662E   7.1466  1.3%  12923  0.0006  0.01 UPDATE users
#   20 0x41CEDDDAFB6289B60E5F30D0462408DB   6.7078  1.2%  11314  0.0006  0.01 INSERT user_present_all_received_history
# MISC 0xMISC                              66.6429 11.8% 287131  0.0002   0.0 <158 ITEMS>

# Query 1: 21.92 QPS, 1.53x concurrency, ID 0x611363ACBD1690538F137757E45B738C at byte 223395518
# This item is included in the report because it matches --limit.
# Scores: V/M = 0.17
# Time range: 2023-11-20T15:52:21 to 2023-11-20T15:53:21
# Attribute    pct   total     min     max     avg     95%  stddev  median
# ============ === ======= ======= ======= ======= ======= ======= =======
# Count          0    1315
# Exec time     16     92s   158us   650ms    70ms   293ms   109ms    12ms
# Lock time      0     3ms       0     1ms     2us     1us    29us     1us
# Rows sent      8  29.40k       0      72   22.89   36.69   10.21   22.53
# Rows examine   5 372.70k      47     697  290.23  652.75  233.99  130.47
# Query size     0 168.80k     126     137  131.44  136.99    5.50  124.25
# String:
# Databases    isucon
# Hosts        localhost
# Users        isucon
# Query_time distribution
#   1us
#  10us
# 100us  ################################################
#   1ms  #######################################################
#  10ms  ################################################################
# 100ms  ##########################################################
#    1s
#  10s+
# Tables
#    SHOW TABLE STATUS FROM `isucon` LIKE 'user_presents'\G
#    SHOW CREATE TABLE `isucon`.`user_presents`\G
# EXPLAIN /*!50100 PARTITIONS*/
SELECT * FROM user_presents 
	WHERE user_id = 9937188599 AND deleted_at IS NULL
	ORDER BY created_at DESC, id
	LIMIT 100 OFFSET 0\G

# Query 2: 490.13 QPS, 1.22x concurrency, ID 0x3FFFD39D9DB10329B174042FE1810238 at byte 169124858
# This item is included in the report because it matches --limit.
# Scores: V/M = 0.02
# Time range: 2023-11-20T15:52:21 to 2023-11-20T15:53:22
# Attribute    pct   total     min     max     avg     95%  stddev  median
# ============ === ======= ======= ======= ======= ======= ======= =======
# Count          4   29898
# Exec time     13     75s    68us   198ms     2ms    12ms     7ms   204us
# Lock time      0    42ms       0     2ms     1us     1us    17us     1us
# Rows sent      0       0       0       0       0       0       0       0
# Rows examine   0  29.20k       1       1       1       1       0       1
# Query size     2   2.65M      83      97   92.93   92.72    2.43   88.31
# String:
# Databases    isucon
# Hosts        localhost
# Users        isucon
# Query_time distribution
#   1us
#  10us  ########
# 100us  ################################################################
#   1ms  #####################
#  10ms  ######
# 100ms  #
#    1s
#  10s+
# Tables
#    SHOW TABLE STATUS FROM `isucon` LIKE 'user_presents'\G
#    SHOW CREATE TABLE `isucon`.`user_presents`\G
UPDATE user_presents SET deleted_at=1661701975, updated_at=1661701975 WHERE id=688487693862527315\G
# Converted for EXPLAIN
# EXPLAIN /*!50100 PARTITIONS*/
select  deleted_at=1661701975, updated_at=1661701975 from user_presents where  id=688487693862527315\G

# Query 3: 63.87 QPS, 0.66x concurrency, ID 0xFFFCA4D67EA0A788813031B8BBC3B329 at byte 168906366
# This item is included in the report because it matches --limit.
# Scores: V/M = 0.01
# Time range: 2023-11-20T15:52:21 to 2023-11-20T15:53:22
# Attribute    pct   total     min     max     avg     95%  stddev  median
# ============ === ======= ======= ======= ======= ======= ======= =======
# Count          0    3896
# Exec time      7     40s     3ms   197ms    10ms    19ms     9ms     9ms
# Lock time      0       0       0       0       0       0       0       0
# Rows sent      0       0       0       0       0       0       0       0
# Rows examine   0       0       0       0       0       0       0       0
# Query size     0  22.83k       6       6       6       6       0       6
# String:
# Databases    isucon
# Hosts        localhost
# Users        isucon
# Query_time distribution
#   1us
#  10us
# 100us
#   1ms  ################################################################
#  10ms  ###############################################
# 100ms  #
#    1s
#  10s+
COMMIT\G

# Query 4: 21.92 QPS, 0.61x concurrency, ID 0xF0F3320DE1260EAD27BC0426FCB34A4D at byte 235267429
# This item is included in the report because it matches --limit.
# Scores: V/M = 0.23
# Time range: 2023-11-20T15:52:21 to 2023-11-20T15:53:21
# Attribute    pct   total     min     max     avg     95%  stddev  median
# ============ === ======= ======= ======= ======= ======= ======= =======
# Count          0    1315
# Exec time      6     37s   109us   824ms    28ms   141ms    81ms     3ms
# Lock time      0     2ms       0   154us     1us     1us     6us     1us
# Rows sent      0   1.28k       1       1       1       1       0       1
# Rows examine   4 343.30k      27     662  267.33  621.67  229.81  118.34
# Query size     0 111.01k      81      92   86.44   88.31    3.81   80.10
# String:
# Databases    isucon
# Hosts        localhost
# Users        isucon
# Query_time distribution
#   1us
#  10us
# 100us  #################################################
#   1ms  ################################################################
#  10ms  ########################################
# 100ms  ###########
#    1s
#  10s+
# Tables
#    SHOW TABLE STATUS FROM `isucon` LIKE 'user_presents'\G
#    SHOW CREATE TABLE `isucon`.`user_presents`\G
# EXPLAIN /*!50100 PARTITIONS*/
SELECT COUNT(*) FROM user_presents WHERE user_id = 1482613913 AND deleted_at IS NULL\G

# Query 5: 364.73 QPS, 0.59x concurrency, ID 0x03FFA53B9AEA23779E51FE7DD3DC165E at byte 234670205
# This item is included in the report because it matches --limit.
# Scores: V/M = 0.02
# Time range: 2023-11-20T15:52:21 to 2023-11-20T15:53:21
# Attribute    pct   total     min     max     avg     95%  stddev  median
# ============ === ======= ======= ======= ======= ======= ======= =======
# Count          3   21884
# Exec time      6     35s    48us   100ms     2ms     8ms     5ms   138us
# Lock time      0    32ms       0     3ms     1us     1us    24us     1us
# Rows sent      0       0       0       0       0       0       0       0
# Rows examine   0       0       0       0       0       0       0       0
# Query size     4   5.24M     241     270  251.18  246.02    3.90  246.02
# String:
# Databases    isucon
# Hosts        localhost
# Users        isucon
# Query_time distribution
#   1us
#  10us  #############################
# 100us  ################################################################
#   1ms  ###############
#  10ms  ####
# 100ms  #
#    1s
#  10s+
# Tables
#    SHOW TABLE STATUS FROM `isucon` LIKE 'user_presents'\G
#    SHOW CREATE TABLE `isucon`.`user_presents`\G
INSERT INTO user_presents(id, user_id, sent_at, item_type, item_id, amount, present_message, created_at, updated_at) VALUES (688487693862544031, 688487693862543605, 1661701998, 1, 1, 3000, '１周年突破プレゼントです！', 1661701998, 1661701998)\G

# Query 6: 259.26 QPS, 0.53x concurrency, ID 0xC20D9D224412E78025DDB691D46B02B6 at byte 169124590
# This item is included in the report because it matches --limit.
# Scores: V/M = 0.02
# Time range: 2023-11-20T15:52:21 to 2023-11-20T15:53:22
# Attribute    pct   total     min     max     avg     95%  stddev  median
# ============ === ======= ======= ======= ======= ======= ======= =======
# Count          2   15815
# Exec time      5     32s    73us   197ms     2ms    10ms     6ms   287us
# Lock time      0    24ms       0     2ms     1us     1us    22us     1us
# Rows sent      4  14.47k       0       1    0.94    0.99    0.24    0.99
# Rows examine   2 189.58k       0      14   12.28   13.83    3.39   13.83
# Query size     0 999.12k      61      72   64.69   69.19    1.95   62.76
# String:
# Databases    isucon
# Hosts        localhost
# Users        isucon
# Query_time distribution
#   1us
#  10us  #
# 100us  ################################################################
#   1ms  ###############
#  10ms  ####
# 100ms  #
#    1s
#  10s+
# Tables
#    SHOW TABLE STATUS FROM `isucon` LIKE 'user_items'\G
#    SHOW CREATE TABLE `isucon`.`user_items`\G
# EXPLAIN /*!50100 PARTITIONS*/
SELECT * FROM user_items WHERE user_id=8098281322 AND item_id=17\G

# Query 7: 20.92 QPS, 0.52x concurrency, ID 0x1049606E13674A053E0CC69500F839DC at byte 230569313
# This item is included in the report because it matches --limit.
# Scores: V/M = 0.03
# Time range: 2023-11-20T15:52:21 to 2023-11-20T15:53:21
# Attribute    pct   total     min     max     avg     95%  stddev  median
# ============ === ======= ======= ======= ======= ======= ======= =======
# Count          0    1255
# Exec time      5     31s     3ms   252ms    25ms    71ms    29ms    15ms
# Lock time     63     14s       0   220ms    11ms    56ms    26ms     1us
# Rows sent      0       0       0       0       0       0       0       0
# Rows examine  11 773.00k       1   1.23k  630.72   1.14k  354.87  621.67
# Query size     0 127.46k     104     104     104     104       0     104
# String:
# Databases    isucon
# Hosts        localhost
# Users        isucon
# Query_time distribution
#   1us
#  10us
# 100us
#   1ms  #######################
#  10ms  ################################################################
# 100ms  ##
#    1s
#  10s+
# Tables
#    SHOW TABLE STATUS FROM `isucon` LIKE 'user_one_time_tokens'\G
#    SHOW CREATE TABLE `isucon`.`user_one_time_tokens`\G
UPDATE user_one_time_tokens SET deleted_at=1661701997 WHERE token='d829f084-0e5e-4bcd-88ac-ae42b2810147'\G
# Converted for EXPLAIN
# EXPLAIN /*!50100 PARTITIONS*/
select  deleted_at=1661701997 from user_one_time_tokens where  token='d829f084-0e5e-4bcd-88ac-ae42b2810147'\G

# Query 8: 3.41k QPS, 0.51x concurrency, ID 0xDA556F9115773A1A99AA0165670CE848 at byte 223619316
# This item is included in the report because it matches --limit.
# Scores: V/M = 0.00
# Time range: 2023-11-20T15:52:21 to 2023-11-20T15:53:22
# Attribute    pct   total     min     max     avg     95%  stddev  median
# ============ === ======= ======= ======= ======= ======= ======= =======
# Count         32  208150
# Exec time      5     31s    17us    15ms   149us   515us   305us    66us
# Lock time      0    27us       0     4us       0       0       0       0
# Rows sent      0       0       0       0       0       0       0       0
# Rows examine   0       0       0       0       0       0       0       0
# Query size     5   5.96M      30      30      30      30       0      30
# String:
# Databases    isucon
# Hosts        localhost
# Users        isucon
# Query_time distribution
#   1us
#  10us  ################################################################
# 100us  #######################
#   1ms  #
#  10ms  #
# 100ms
#    1s
#  10s+
administrator command: Prepare\G

# Query 9: 0 QPS, 0x concurrency, ID 0x79A889ED30BFA8BF517F86F6D70065B6 at byte 76650764
# This item is included in the report because it matches --limit.
# Scores: V/M = 0.00
# Time range: all events occurred at 2023-11-20T15:52:20
# Attribute    pct   total     min     max     avg     95%  stddev  median
# ============ === ======= ======= ======= ======= ======= ======= =======
# Count          0       1
# Exec time      3     20s     20s     20s     20s     20s       0     20s
# Lock time      0     2us     2us     2us     2us     2us       0     2us
# Rows sent      0       0       0       0       0       0       0       0
# Rows examine   0       0       0       0       0       0       0       0
# Query size     0     146     146     146     146     146       0     146
# String:
# Databases    isucon
# Hosts        localhost
# Users        isucon
# Query_time distribution
#   1us
#  10us
# 100us
#   1ms
#  10ms
# 100ms
#    1s
#  10s+  ################################################################
# Tables
#    SHOW TABLE STATUS FROM `isucon` LIKE 'user_presents'\G
#    SHOW CREATE TABLE `isucon`.`user_presents`\G
LOAD DATA INFILE '/var/lib/mysql-files/5_user_presents_not_receive_data.tsv' REPLACE INTO TABLE user_presents FIELDS ESCAPED BY '|' IGNORE 1 LINES\G

# Query 10: 21.02 QPS, 0.28x concurrency, ID 0xAFB4A7475DFDCF1D0D23CC5EC1952C3A at byte 169024339
# This item is included in the report because it matches --limit.
# Scores: V/M = 0.01
# Time range: 2023-11-20T15:52:21 to 2023-11-20T15:53:21
# Attribute    pct   total     min     max     avg     95%  stddev  median
# ============ === ======= ======= ======= ======= ======= ======= =======
# Count          0    1261
# Exec time      2     17s     3ms   251ms    13ms    30ms    12ms    10ms
# Lock time      9      2s       0   160ms     2ms    10ms     6ms     1us
# Rows sent      0       0       0       0       0       0       0       0
# Rows examine   0       0       0       0       0       0       0       0
# Query size     0 272.70k     216     227  221.44  223.14    4.94  212.52
# String:
# Databases    isucon
# Hosts        localhost
# Users        isucon
# Query_time distribution
#   1us
#  10us
# 100us
#   1ms  ############################################################
#  10ms  ################################################################
# 100ms  #
#    1s
#  10s+
# Tables
#    SHOW TABLE STATUS FROM `isucon` LIKE 'user_one_time_tokens'\G
#    SHOW CREATE TABLE `isucon`.`user_one_time_tokens`\G
INSERT INTO user_one_time_tokens(id, user_id, token, token_type, created_at, updated_at, expired_at) VALUES (688487693862528155, 6115760900, 'e5acf58a-334f-4346-b4ac-8a4b43df91ee', 1, 1661701975, 1661701975, 1661702575)\G

# Query 11: 4.18 QPS, 0.98x concurrency, ID 0x2096778F723F6666B5D7DDC9D01010C7 at byte 241562
# This item is included in the report because it matches --limit.
# Scores: V/M = 0.01
# Time range: 2023-11-20T15:51:42 to 2023-11-20T15:51:53
# Attribute    pct   total     min     max     avg     95%  stddev  median
# ============ === ======= ======= ======= ======= ======= ======= =======
# Count          0      46
# Exec time      1     11s   177ms   393ms   234ms   308ms    49ms   208ms
# Lock time      0       0       0       0       0       0       0       0
# Rows sent      0       0       0       0       0       0       0       0
# Rows examine   0       0       0       0       0       0       0       0
# Query size    42  45.18M 970.86k 1006.59k 1005.76k 961.27k       0 961.27k
# String:
# Databases    isucon
# Hosts        localhost
# Users        isucon
# Query_time distribution
#   1us
#  10us
# 100us
#   1ms
#  10ms
# 100ms  ################################################################
#    1s
#  10s+
# Tables
#    SHOW TABLE STATUS FROM `isucon` LIKE 'user_cards'\G
#    SHOW CREATE TABLE `isucon`.`user_cards`\G
INSERT INTO `user_cards` VALUES (1042148,9904038980,6,720,36,5336,1639932222,1639932222,NULL) /*... omitted ...*/\G

# Query 12: 76.28 QPS, 0.18x concurrency, ID 0x584D7D428BA6602840353479CEB359A1 at byte 168955254
# This item is included in the report because it matches --limit.
# Scores: V/M = 0.01
# Time range: 2023-11-20T15:52:21 to 2023-11-20T15:53:21
# Attribute    pct   total     min     max     avg     95%  stddev  median
# ============ === ======= ======= ======= ======= ======= ======= =======
# Count          0    4577
# Exec time      1     11s    83us    98ms     2ms    12ms     5ms   260us
# Lock time      0     7ms       0   440us     1us     1us     7us     1us
# Rows sent      1   4.47k       1       1       1       1       0       1
# Rows examine   0   4.47k       1       2    1.00    0.99    0.03    0.99
# Query size     0 353.84k      75      85   79.16   84.10    3.42   76.28
# String:
# Databases    isucon
# Hosts        localhost
# Users        isucon
# Query_time distribution
#   1us
#  10us  #
# 100us  ################################################################
#   1ms  #####################
#  10ms  ######
# 100ms  #
#    1s
#  10s+
# Tables
#    SHOW TABLE STATUS FROM `isucon` LIKE 'user_devices'\G
#    SHOW CREATE TABLE `isucon`.`user_devices`\G
# EXPLAIN /*!50100 PARTITIONS*/
SELECT * FROM user_devices WHERE user_id=6414792418 AND platform_id='12069281'\G

# Query 13: 18.90 QPS, 0.18x concurrency, ID 0xE3341326DCBBC41D81C9550FEAE6F248 at byte 169069875
# This item is included in the report because it matches --limit.
# Scores: V/M = 0.03
# Time range: 2023-11-20T15:52:21 to 2023-11-20T15:53:21
# Attribute    pct   total     min     max     avg     95%  stddev  median
# ============ === ======= ======= ======= ======= ======= ======= =======
# Count          0    1134
# Exec time      1     11s   211us   183ms     9ms    53ms    18ms     2ms
# Lock time      0     2ms       0   354us     1us     1us    14us     1us
# Rows sent      6  19.97k       0      28   18.03   26.08   10.04   26.08
# Rows examine   0  19.97k       0      28   18.03   26.08   10.04   26.08
# Query size     0 220.71k     193     207  199.30  202.40    3.80  192.76
# String:
# Databases    isucon
# Hosts        localhost
# Users        isucon
# Query_time distribution
#   1us
#  10us
# 100us  #########################################################
#   1ms  ################################################################
#  10ms  #################################
# 100ms  #
#    1s
#  10s+
# Tables
#    SHOW TABLE STATUS FROM `isucon` LIKE 'user_present_all_received_history'\G
#    SHOW CREATE TABLE `isucon`.`user_present_all_received_history`\G
# EXPLAIN /*!50100 PARTITIONS*/
SELECT * FROM user_present_all_received_history WHERE user_id=9271617813 AND present_all_id IN (1, 3, 4, 5, 6, 7, 8, 9, 10, 11, 12, 13, 14, 15, 16, 17, 18, 19, 20, 21, 22, 23, 24, 25, 26, 27, 28, 29)\G

# Query 14: 15.03 QPS, 0.17x concurrency, ID 0x75C006C72A2DD00658309A1A758E1BB6 at byte 191287241
# This item is included in the report because it matches --limit.
# Scores: V/M = 0.00
# Time range: 2023-11-20T15:52:21 to 2023-11-20T15:53:21
# Attribute    pct   total     min     max     avg     95%  stddev  median
# ============ === ======= ======= ======= ======= ======= ======= =======
# Count          0     902
# Exec time      1     10s     2ms    52ms    11ms    22ms     6ms    10ms
# Lock time      0     2ms       0   209us     1us     1us     8us     1us
# Rows sent      0       0       0       0       0       0       0       0
# Rows examine   0     902       1       1       1       1       0       1
# Query size     0  75.14k      82      87   85.30   84.10    0.95   84.10
# String:
# Databases    isucon
# Hosts        localhost
# Users        isucon
# Query_time distribution
#   1us
#  10us
# 100us
#   1ms  #############################################################
#  10ms  ################################################################
# 100ms
#    1s
#  10s+
# Tables
#    SHOW TABLE STATUS FROM `isucon` LIKE 'users'\G
#    SHOW CREATE TABLE `isucon`.`users`\G
UPDATE users SET isu_coin=602049886, last_getreward_at=1661701983 WHERE id=7925740611\G
# Converted for EXPLAIN
# EXPLAIN /*!50100 PARTITIONS*/
select  isu_coin=602049886, last_getreward_at=1661701983 from users where  id=7925740611\G

# Query 15: 286.61 QPS, 0.15x concurrency, ID 0x2372FB123B18A108CFBB5352F61B370B at byte 233247703
# This item is included in the report because it matches --limit.
# Scores: V/M = 0.01
# Time range: 2023-11-20T15:52:21 to 2023-11-20T15:53:22
# Attribute    pct   total     min     max     avg     95%  stddev  median
# ============ === ======= ======= ======= ======= ======= ======= =======
# Count          2   17483
# Exec time      1      9s    40us   102ms   511us     2ms     2ms   103us
# Lock time      0    26ms       0     1ms     1us     1us    15us     1us
# Rows sent      5  17.07k       0       1    1.00    0.99    0.01    0.99
# Rows examine   0  17.07k       0       1    1.00    0.99    0.01    0.99
# Query size     0 722.80k      33      47   42.34   46.83    4.23   38.53
# String:
# Databases    isucon
# Hosts        localhost
# Users        isucon
# Query_time distribution
#   1us
#  10us  ################################################################
# 100us  #############################################################
#   1ms  #########
#  10ms  #
# 100ms  #
#    1s
#  10s+
# Tables
#    SHOW TABLE STATUS FROM `isucon` LIKE 'users'\G
#    SHOW CREATE TABLE `isucon`.`users`\G
# EXPLAIN /*!50100 PARTITIONS*/
SELECT * FROM users WHERE id=4107797701\G

# Query 16: 246.13 QPS, 0.15x concurrency, ID 0xED0711EB833D06BBD84F496A9784760B at byte 168927908
# This item is included in the report because it matches --limit.
# Scores: V/M = 0.01
# Time range: 2023-11-20T15:52:21 to 2023-11-20T15:53:22
# Attribute    pct   total     min     max     avg     95%  stddev  median
# ============ === ======= ======= ======= ======= ======= ======= =======
# Count          2   15014
# Exec time      1      9s    65us    54ms   591us     2ms     2ms   138us
# Lock time      0    21ms       0     1ms     1us     1us    16us     1us
# Rows sent      0       0       0       0       0       0       0       0
# Rows examine   0  14.66k       1       1       1       1       0       1
# Query size     1   1.08M      70      81   75.33   80.10    1.77   72.65
# String:
# Databases    isucon
# Hosts        localhost
# Users        isucon
# Query_time distribution
#   1us
#  10us  ###############
# 100us  ################################################################
#   1ms  #######
#  10ms  #
# 100ms
#    1s
#  10s+
# Tables
#    SHOW TABLE STATUS FROM `isucon` LIKE 'user_items'\G
#    SHOW CREATE TABLE `isucon`.`user_items`\G
UPDATE user_items SET amount=15, updated_at=1661701975 WHERE id=8229945553\G
# Converted for EXPLAIN
# EXPLAIN /*!50100 PARTITIONS*/
select  amount=15, updated_at=1661701975 from user_items where  id=8229945553\G

# Query 17: 122.67 QPS, 0.14x concurrency, ID 0x8CA5C26DA1F53D285B58FE47352DA00A at byte 192097369
# This item is included in the report because it matches --limit.
# Scores: V/M = 0.00
# Time range: 2023-11-20T15:52:21 to 2023-11-20T15:53:21
# Attribute    pct   total     min     max     avg     95%  stddev  median
# ============ === ======= ======= ======= ======= ======= ======= =======
# Count          1    7360
# Exec time      1      8s    67us    76ms     1ms     3ms     2ms   596us
# Lock time      0    14ms       0     1ms     1us     1us    18us     1us
# Rows sent      2   7.19k       0       1    1.00    0.99    0.01    0.99
# Rows examine  56   3.85M       4   1.10k  547.84 1012.63  318.62  537.02
# Query size     0 761.85k      81     106  106.00  102.22    0.26  102.22
# String:
# Databases    isucon
# Hosts        localhost
# Users        isucon
# Query_time distribution
#   1us
#  10us  ##
# 100us  ################################################################
#   1ms  #######################
#  10ms  #
# 100ms
#    1s
#  10s+
# Tables
#    SHOW TABLE STATUS FROM `isucon` LIKE 'user_sessions'\G
#    SHOW CREATE TABLE `isucon`.`user_sessions`\G
# EXPLAIN /*!50100 PARTITIONS*/
SELECT * FROM user_sessions WHERE session_id='1f51a8ea-a10b-469b-958b-677f94c0d01b' AND deleted_at IS NULL\G

# Query 18: 18.90 QPS, 0.12x concurrency, ID 0x5FF17CFE4371C68C8E9D993D1C94471F at byte 237369613
# This item is included in the report because it matches --limit.
# Scores: V/M = 0.29
# Time range: 2023-11-20T15:52:21 to 2023-11-20T15:53:21
# Attribute    pct   total     min     max     avg     95%  stddev  median
# ============ === ======= ======= ======= ======= ======= ======= =======
# Count          0    1134
# Exec time      1      7s    55us   864ms     6ms    12ms    43ms   176us
# Lock time     22      5s       0   864ms     4ms     1us    43ms     1us
# Rows sent      0       0       0       0       0       0       0       0
# Rows examine   0       0       0       0       0       0       0       0
# Query size     0 225.30k     199     210  203.45  202.40    3.80  192.76
# String:
# Databases    isucon
# Hosts        localhost
# Users        isucon
# Query_time distribution
#   1us
#  10us  ##############
# 100us  ################################################################
#   1ms  #########################
#  10ms  #####
# 100ms  #
#    1s
#  10s+
# Tables
#    SHOW TABLE STATUS FROM `isucon` LIKE 'user_sessions'\G
#    SHOW CREATE TABLE `isucon`.`user_sessions`\G
INSERT INTO user_sessions(id, user_id, session_id, created_at, updated_at, expired_at) VALUES (688487693862544216, 927968407, 'a3b04d4a-1b62-40cc-a62e-cc487d4179c3', 1661701999, 1661701999, 1661788399)\G

# Query 19: 211.85 QPS, 0.12x concurrency, ID 0xD858CC1645CE084FE3844E34483B662E at byte 192616045
# This item is included in the report because it matches --limit.
# Scores: V/M = 0.01
# Time range: 2023-11-20T15:52:21 to 2023-11-20T15:53:22
# Attribute    pct   total     min     max     avg     95%  stddev  median
# ============ === ======= ======= ======= ======= ======= ======= =======
# Count          2   12923
# Exec time      1      7s    58us    36ms   553us     2ms     2ms   125us
# Lock time      0    17ms       0     1ms     1us     1us    15us     1us
# Rows sent      0       0       0       0       0       0       0       0
# Rows examine   0  12.62k       1       1       1       1       0       1
# Query size     0 723.82k      48      59   57.35   56.92    1.56   56.92
# String:
# Databases    isucon
# Hosts        localhost
# Users        isucon
# Query_time distribution
#   1us
#  10us  #######################
# 100us  ################################################################
#   1ms  ########
#  10ms  #
# 100ms
#    1s
#  10s+
# Tables
#    SHOW TABLE STATUS FROM `isucon` LIKE 'users'\G
#    SHOW CREATE TABLE `isucon`.`users`\G
UPDATE users SET isu_coin=7696344456 WHERE id=6856545047\G
# Converted for EXPLAIN
# EXPLAIN /*!50100 PARTITIONS*/
select  isu_coin=7696344456 from users where  id=6856545047\G

# Query 20: 188.57 QPS, 0.11x concurrency, ID 0x41CEDDDAFB6289B60E5F30D0462408DB at byte 182430606
# This item is included in the report because it matches --limit.
# Scores: V/M = 0.01
# Time range: 2023-11-20T15:52:21 to 2023-11-20T15:53:21
# Attribute    pct   total     min     max     avg     95%  stddev  median
# ============ === ======= ======= ======= ======= ======= ======= =======
# Count          1   11314
# Exec time      1      7s    44us    40ms   592us     3ms     2ms   103us
# Lock time      0    13ms       0   671us     1us     1us    10us     1us
# Rows sent      0       0       0       0       0       0       0       0
# Rows examine   0       0       0       0       0       0       0       0
# Query size     1   2.10M     188     199  195.03  192.76    4.58  192.76
# String:
# Databases    isucon
# Hosts        localhost
# Users        isucon
# Query_time distribution
#   1us
#  10us  ############################################################
# 100us  ################################################################
#   1ms  ##########
#  10ms  #
# 100ms
#    1s
#  10s+
# Tables
#    SHOW TABLE STATUS FROM `isucon` LIKE 'user_present_all_received_history'\G
#    SHOW CREATE TABLE `isucon`.`user_present_all_received_history`\G
INSERT INTO user_present_all_received_history(id, user_id, present_all_id, received_at, created_at, updated_at) VALUES (688487693862531373, 688487693862530943, 22, 1661701980, 1661701980, 1661701980)\G
