
# 18.7s user time, 290ms system time, 84.55M rss, 390.66G vsz
# Current date: Thu Nov 23 18:01:36 2023
# Hostname: YusukenoMac-mini.local
# Files: slowquery/log/mysql-slow.log
# Overall: 384.46k total, 189 unique, 1.56k QPS, 2.06x concurrency _______
# Time range: 2023-11-23T08:55:57 to 2023-11-23T09:00:03
# Attribute          total     min     max     avg     95%  stddev  median
# ============     ======= ======= ======= ======= ======= ======= =======
# Exec time           506s     1us     11s     1ms     4ms    22ms   185us
# Lock time             3s       0   107ms     7us     1us   395us     1us
# Rows sent        778.25k       0    1012    2.07   12.54    6.28       0
# Rows examine       1.89M       0    1012    5.16   40.45   12.86    0.99
# Query size       580.16M       6 1012.90k   1.55k  234.30  37.36k   72.65

# Profile
# Rank Query ID                            Response time  Calls  R/Call  V
# ==== =================================== ============== ====== ======= =
#    1 0x0289EE1948A7DB665332876ADF2A4CC2  110.4019 21.8%    395  0.2795  0.22 INSERT user_presents
#    2 0x03FFA53B9AEA23779E51FE7DD3DC165E   35.9019  7.1%  34164  0.0011  0.01 INSERT user_presents
#    3 0x6E790EE92EFF4755B6E0FA83F9CA8363   33.1264  6.6%   4089  0.0081  0.02 UPDATE user_presents
#    4 0xED0711EB833D06BBD84F496A9784760B   21.0822  4.2%  35622  0.0006  0.00 UPDATE user_items
#    5 0x2096778F723F6666B5D7DDC9D01010C7   20.7412  4.1%     92  0.2254  0.08 INSERT user_cards
#    6 0x8CA5C26DA1F53D285B58FE47352DA00A   19.3047  3.8%  22678  0.0009  0.01 SELECT user_sessions
#    7 0x611363ACBD1690538F137757E45B738C   17.7255  3.5%   4102  0.0043  0.01 SELECT user_presents
#    8 0x07D5CE9B533D56A3B70C17C590E82A7F   14.8871  2.9%  26548  0.0006  0.01 SELECT version_masters
#    9 0xFFFCA4D67EA0A788813031B8BBC3B329   14.7943  2.9%  12262  0.0012  0.02 COMMIT
#   10 0xBC551EACF5A3BE27E3F2CC3C5133F3D5   13.7510  2.7%  12595  0.0011  0.01 SELECT gacha_item_masters
#   11 0x2372FB123B18A108CFBB5352F61B370B   13.6257  2.7%  23006  0.0006  0.00 SELECT users
#   12 0xAB2AB35C6EFA17C04018A132A84A16C9   12.8210  2.5%  25572  0.0005  0.00 SELECT user_bans
#   13 0x584D7D428BA6602840353479CEB359A1   12.1771  2.4%  13595  0.0009  0.01 SELECT user_devices
#   14 0x79A889ED30BFA8BF517F86F6D70065B6   10.6380  2.1%      1 10.6380  0.00 LOAD DATA user_presents
#   15 0xE89B4FB5E77ED142BEAF8C3B369FA2FE   10.0708  2.0%   4089  0.0025  0.01 SELECT user_presents
#   16 0x1049606E13674A053E0CC69500F839DC    7.9591  1.6%   4034  0.0020  0.02 UPDATE user_one_time_tokens
#   17 0x0B3509236B570F5C5FE423B079765901    7.8246  1.5%  12787  0.0006  0.01 INSERT user_cards
#   18 0x975F0A7CC9BCA46BBC7DAD888BA0794F    7.0616  1.4%  11874  0.0006  0.00 SELECT item_masters
#   19 0xE63C5805E48DA98A0AD3A20E4E0B9976    6.9903  1.4%   9759  0.0007  0.00 SELECT user_login_bonuses
#   20 0xD858CC1645CE084FE3844E34483B662E    6.6951  1.3%  10446  0.0006  0.01 UPDATE users
# MISC 0xMISC                              107.9927 21.4% 116751  0.0009   0.0 <169 ITEMS>

# Query 1: 3.50 QPS, 0.98x concurrency, ID 0x0289EE1948A7DB665332876ADF2A4CC2 at byte 264379148
# This item is included in the report because it matches --limit.
# Scores: V/M = 0.22
# Time range: 2023-11-23T08:56:21 to 2023-11-23T08:58:14
# Attribute    pct   total     min     max     avg     95%  stddev  median
# ============ === ======= ======= ======= ======= ======= ======= =======
# Count          0     395
# Exec time     21    110s   111ms      1s   279ms   945ms   247ms   198ms
# Lock time      0       0       0       0       0       0       0       0
# Rows sent      0       0       0       0       0       0       0       0
# Rows examine   0       0       0       0       0       0       0       0
# Query size    67 390.48M 789.87k 1012.90k 1012.27k 1009.33k  12.87k 1009.33k
# String:
# Databases    isucon
# Hosts        localhost
# Users        isucon
# Query_time distribution
#   1us
#  10us
# 100us
#   1ms
#  10ms
# 100ms  ################################################################
#    1s  ###
#  10s+
# Tables
#    SHOW TABLE STATUS FROM `isucon` LIKE 'user_presents'\G
#    SHOW CREATE TABLE `isucon`.`user_presents`\G
INSERT INTO `user_presents` VALUES (46163514242,9208280540,1560247342,2,4,1,'ガチャ取得アイテムです',1560247942,1560247942,1560247942) /*... omitted ...*/\G

# Query 2: 569.40 QPS, 0.60x concurrency, ID 0x03FFA53B9AEA23779E51FE7DD3DC165E at byte 657777484
# This item is included in the report because it matches --limit.
# Scores: V/M = 0.01
# Time range: 2023-11-23T08:59:03 to 2023-11-23T09:00:03
# Attribute    pct   total     min     max     avg     95%  stddev  median
# ============ === ======= ======= ======= ======= ======= ======= =======
# Count          8   34164
# Exec time      7     36s    48us    99ms     1ms     4ms     3ms   167us
# Lock time      6   180ms       0    33ms     5us     1us   202us     1us
# Rows sent      0       0       0       0       0       0       0       0
# Rows examine   0       0       0       0       0       0       0       0
# Query size     2  11.82M     233   3.32k  362.85   1.69k  542.00  234.30
# String:
# Databases    isucon
# Hosts        localhost
# Users        isucon
# Query_time distribution
#   1us
#  10us  ######################
# 100us  ################################################################
#   1ms  ###############
#  10ms  ##
# 100ms  #
#    1s
#  10s+
# Tables
#    SHOW TABLE STATUS FROM `isucon` LIKE 'user_presents'\G
#    SHOW CREATE TABLE `isucon`.`user_presents`\G
INSERT INTO user_presents(id, user_id, sent_at, item_type, item_id, amount, present_message, created_at, updated_at) VALUES (4102518661, 3825498642, 1661677190, 1, 1, 3000, 'リリース記念プレゼントです！', 1661677190, 1661677190),(3808735144, 3825498642, 1661677190, 1, 1, 1000, '１ヶ月突破プレゼントです！', 1661677190, 1661677190),(1740129635, 3825498642, 1661677190, 1, 1, 1000, '２ヶ月突破プレゼントです！', 1661677190, 1661677190),(811142643, 3825498642, 1661677190, 1, 1, 2000, '３ヶ月突破プレゼントです！', 1661677190, 1661677190),(3851593974, 3825498642, 1661677190, 1, 1, 2000, '４ヶ月突破プレゼントです！', 1661677190, 1661677190),(3864452703, 3825498642, 1661677190, 1, 1, 2000, '５ヶ月突破プレゼントです！', 1661677190, 1661677190),(107537109, 3825498642, 1661677190, 1, 1, 3000, 'ハーフアニバーサリープレゼントです！', 1661677190, 1661677190),(911663540, 3825498642, 1661677190, 1, 1, 2000, '７ヶ月突破プレゼントです！', 1661677190, 1661677190),(85333627, 3825498642, 1661677190, 1, 1, 2000, '８ヶ月突破プレゼントです！', 1661677190, 1661677190),(2751055202, 3825498642, 1661677190, 1, 1, 2000, '９ヶ月突破プレゼントです！', 1661677190, 1661677190),(2816661401, 3825498642, 1661677190, 1, 1, 2000, '１０ヶ月突破プレゼントです！', 1661677190, 1661677190),(2133645608, 3825498642, 1661677190, 1, 1, 2000, '１１ヶ月突破プレゼントです！', 1661677190, 1661677190),(1012228981, 3825498642, 1661677190, 1, 1, 3000, '１周年突破プレゼントです！', 1661677190, 1661677190),(3930302506, 3825498642, 1661677190, 1, 1, 6000, '周年記念プレゼントです！', 1661677190, 1661677190),(145460764, 3825498642, 1661677190, 1, 1, 2000, '１３ヶ月突破プレゼントです！', 1661677190, 1661677190),(2177854586, 3825498642, 1661677190, 1, 1, 2000, '１４ヶ月突破プレゼントです！', 1661677190, 1661677190),(1983865146, 3825498642, 1661677190, 1, 1, 2000, '１５ヶ月突破プレゼントです１', 1661677190, 1661677190),(974366947, 3825498642, 1661677190, 1, 1, 2000, '１６ヶ月突破プレゼントです！', 1661677190, 1661677190),(2933725340, 3825498642, 1661677190, 1, 1, 2000, '１７ヶ月突破プレゼントです！', 1661677190, 1661677190),(360369090, 3825498642, 1661677190, 1, 1, 2000, '１８ヶ月突破プレゼントです！', 1661677190, 1661677190),(3651094067, 3825498642, 1661677190, 1, 1, 2000, '１９ヶ月突破プレゼントです！', 1661677190, 1661677190),(3049103039, 3825498642, 1661677190, 1, 1, 2000, '２０ヶ月突破プレゼントです！', 1661677190, 1661677190),(3495285195, 3825498642, 1661677190, 1, 1, 2000, '２１ヶ月プレゼントです！', 1661677190, 1661677190),(3051859256, 3825498642, 1661677190, 1, 1, 2000, '２２ヶ月プレゼントです！', 1661677190, 1661677190),(2091522183, 3825498642, 1661677190, 1, 1, 2000, '２３ヶ月プレゼントです！', 1661677190, 1661677190),(295823220, 3825498642, 1661677190, 1, 1, 6000, '２周年記念プレゼントです！', 1661677190, 1661677190),(548602694, 3825498642, 1661677190, 1, 1, 6000, '２.５周年プレゼントです！', 1661677190, 1661677190),(870075377, 3825498642, 1661677190, 1, 1, 6000, 'CM放映記念プレゼントです！', 1661677190, 1661677190)\G

# Query 3: 68.15 QPS, 0.55x concurrency, ID 0x6E790EE92EFF4755B6E0FA83F9CA8363 at byte 669821953
# This item is included in the report because it matches --limit.
# Scores: V/M = 0.02
# Time range: 2023-11-23T08:59:03 to 2023-11-23T09:00:03
# Attribute    pct   total     min     max     avg     95%  stddev  median
# ============ === ======= ======= ======= ======= ======= ======= =======
# Count          1    4089
# Exec time      6     33s   141us   171ms     8ms    34ms    13ms     3ms
# Lock time      0    11ms       0     2ms     2us     1us    41us     1us
# Rows sent      0       0       0       0       0       0       0       0
# Rows examine   4  86.32k       1      70   21.62   36.69    9.89   22.53
# Query size     0   1.35M      93     966  347.40  537.02  122.52  363.48
# String:
# Databases    isucon
# Hosts        localhost
# Users        isucon
# Query_time distribution
#   1us
#  10us
# 100us  ###################
#   1ms  ################################################################
#  10ms  #######################
# 100ms  #
#    1s
#  10s+
# Tables
#    SHOW TABLE STATUS FROM `isucon` LIKE 'user_presents'\G
#    SHOW CREATE TABLE `isucon`.`user_presents`\G
UPDATE user_presents SET deleted_at=1661677196, updated_at=1661677196 WHERE id IN (220958792, 240677523, 250750774, 435605723, 511683800, 761840311, 879479151, 907638492, 912523034, 986582326, 1337791786, 1433736017, 1578655007, 1855411459, 2037898926, 2257436955, 2261667442, 2658425163, 2823719933, 3148117732, 3162718909, 3366514594, 3470521169, 3708741008, 3764057546, 3864913113, 3870991284, 4239454834)\G
# Converted for EXPLAIN
# EXPLAIN /*!50100 PARTITIONS*/
select  deleted_at=1661677196, updated_at=1661677196 from user_presents where  id IN (220958792, 240677523, 250750774, 435605723, 511683800, 761840311, 879479151, 907638492, 912523034, 986582326, 1337791786, 1433736017, 1578655007, 1855411459, 2037898926, 2257436955, 2261667442, 2658425163, 2823719933, 3148117732, 3162718909, 3366514594, 3470521169, 3708741008, 3764057546, 3864913113, 3870991284, 4239454834)\G

# Query 4: 593.70 QPS, 0.35x concurrency, ID 0xED0711EB833D06BBD84F496A9784760B at byte 638798567
# This item is included in the report because it matches --limit.
# Scores: V/M = 0.00
# Time range: 2023-11-23T08:59:03 to 2023-11-23T09:00:03
# Attribute    pct   total     min     max     avg     95%  stddev  median
# ============ === ======= ======= ======= ======= ======= ======= =======
# Count          9   35622
# Exec time      4     21s    51us    66ms   591us     2ms     2ms   138us
# Lock time      5   145ms       0    10ms     4us     1us    99us     1us
# Rows sent      0       0       0       0       0       0       0       0
# Rows examine   1  34.79k       1       1       1       1       0       1
# Query size     0   2.54M      69      76   74.90   72.65    0.50   72.65
# String:
# Databases    isucon
# Hosts        localhost
# Users        isucon
# Query_time distribution
#   1us
#  10us  ###########################
# 100us  ################################################################
#   1ms  ############
#  10ms  #
# 100ms
#    1s
#  10s+
# Tables
#    SHOW TABLE STATUS FROM `isucon` LIKE 'user_items'\G
#    SHOW CREATE TABLE `isucon`.`user_items`\G
UPDATE user_items SET amount=23, updated_at=1661677182 WHERE id=38293861239\G
# Converted for EXPLAIN
# EXPLAIN /*!50100 PARTITIONS*/
select  amount=23, updated_at=1661677182 from user_items where  id=38293861239\G

# Query 5: 0.57 QPS, 0.13x concurrency, ID 0x2096778F723F6666B5D7DDC9D01010C7 at byte 507032016
# This item is included in the report because it matches --limit.
# Scores: V/M = 0.08
# Time range: 2023-11-23T08:56:04 to 2023-11-23T08:58:46
# Attribute    pct   total     min     max     avg     95%  stddev  median
# ============ === ======= ======= ======= ======= ======= ======= =======
# Count          0      92
# Exec time      4     21s   137ms      1s   225ms   501ms   133ms   171ms
# Lock time      0       0       0       0       0       0       0       0
# Rows sent      0       0       0       0       0       0       0       0
# Rows examine   0       0       0       0       0       0       0       0
# Query size    15  90.36M 970.86k 1006.59k 1005.76k 961.27k       0 961.27k
# String:
# Databases    isucon
# Hosts        localhost
# Users        isucon
# Query_time distribution
#   1us
#  10us
# 100us
#   1ms
#  10ms
# 100ms  ################################################################
#    1s  #
#  10s+
# Tables
#    SHOW TABLE STATUS FROM `isucon` LIKE 'user_cards'\G
#    SHOW CREATE TABLE `isucon`.`user_cards`\G
INSERT INTO `user_cards` VALUES (43657823296,2420246824,4,125,25,677,1585305743,1585305743,NULL) /*... omitted ...*/\G

# Query 6: 377.97 QPS, 0.32x concurrency, ID 0x8CA5C26DA1F53D285B58FE47352DA00A at byte 657796803
# This item is included in the report because it matches --limit.
# Scores: V/M = 0.01
# Time range: 2023-11-23T08:59:03 to 2023-11-23T09:00:03
# Attribute    pct   total     min     max     avg     95%  stddev  median
# ============ === ======= ======= ======= ======= ======= ======= =======
# Count          5   22678
# Exec time      3     19s    90us    67ms   851us     4ms     2ms   224us
# Lock time      4   129ms       0     7ms     5us     1us    91us     1us
# Rows sent      2  22.15k       0       1    1.00    0.99    0.01    0.99
# Rows examine   1  22.15k       0       1    1.00    0.99    0.01    0.99
# Query size     0   2.29M      81     106  106.00  102.22    0.15  102.22
# String:
# Databases    isucon
# Hosts        localhost
# Users        isucon
# Query_time distribution
#   1us
#  10us  #
# 100us  ################################################################
#   1ms  ###########
#  10ms  #
# 100ms
#    1s
#  10s+
# Tables
#    SHOW TABLE STATUS FROM `isucon` LIKE 'user_sessions'\G
#    SHOW CREATE TABLE `isucon`.`user_sessions`\G
# EXPLAIN /*!50100 PARTITIONS*/
SELECT * FROM user_sessions WHERE session_id='0f244653-bbc6-42e8-895e-228e37d4025f' AND deleted_at IS NULL\G

# Query 7: 68.37 QPS, 0.30x concurrency, ID 0x611363ACBD1690538F137757E45B738C at byte 651785318
# This item is included in the report because it matches --limit.
# Scores: V/M = 0.01
# Time range: 2023-11-23T08:59:03 to 2023-11-23T09:00:03
# Attribute    pct   total     min     max     avg     95%  stddev  median
# ============ === ======= ======= ======= ======= ======= ======= =======
# Count          1    4102
# Exec time      3     18s   143us    80ms     4ms    16ms     6ms     2ms
# Lock time      0    21ms       0     2ms     5us     1us    62us     1us
# Rows sent     11  86.55k       0      70   21.61   36.69    9.89   22.53
# Rows examine   4  86.55k       0      70   21.61   36.69    9.89   22.53
# Query size     0 516.08k     127     129  128.83  124.25       0  124.25
# String:
# Databases    isucon
# Hosts        localhost
# Users        isucon
# Query_time distribution
#   1us
#  10us
# 100us  #######################################
#   1ms  ################################################################
#  10ms  ##############
# 100ms
#    1s
#  10s+
# Tables
#    SHOW TABLE STATUS FROM `isucon` LIKE 'user_presents'\G
#    SHOW CREATE TABLE `isucon`.`user_presents`\G
# EXPLAIN /*!50100 PARTITIONS*/
SELECT * FROM user_presents 
	WHERE user_id = 4173172487 AND deleted_at IS NULL
	ORDER BY created_at DESC, id
	LIMIT 100 OFFSET 0\G

# Query 8: 442.47 QPS, 0.25x concurrency, ID 0x07D5CE9B533D56A3B70C17C590E82A7F at byte 577415022
# This item is included in the report because it matches --limit.
# Scores: V/M = 0.01
# Time range: 2023-11-23T08:59:03 to 2023-11-23T09:00:03
# Attribute    pct   total     min     max     avg     95%  stddev  median
# ============ === ======= ======= ======= ======= ======= ======= =======
# Count          6   26548
# Exec time      2     15s    45us   102ms   560us     2ms     2ms   144us
# Lock time      6   168ms       0    15ms     6us     1us   155us     1us
# Rows sent      3  25.93k       1       1       1       1       0       1
# Rows examine   2  44.44k       1       2    1.71    1.96    0.44    1.96
# Query size     0   1.11M      44      44      44      44       0      44
# String:
# Databases    isucon
# Hosts        localhost
# Users        isucon
# Query_time distribution
#   1us
#  10us  ########################
# 100us  ################################################################
#   1ms  #########
#  10ms  #
# 100ms  #
#    1s
#  10s+
# Tables
#    SHOW TABLE STATUS FROM `isucon` LIKE 'version_masters'\G
#    SHOW CREATE TABLE `isucon`.`version_masters`\G
# EXPLAIN /*!50100 PARTITIONS*/
SELECT * FROM version_masters WHERE status=1\G

# Query 9: 204.37 QPS, 0.25x concurrency, ID 0xFFFCA4D67EA0A788813031B8BBC3B329 at byte 634583244
# This item is included in the report because it matches --limit.
# Scores: V/M = 0.02
# Time range: 2023-11-23T08:59:03 to 2023-11-23T09:00:03
# Attribute    pct   total     min     max     avg     95%  stddev  median
# ============ === ======= ======= ======= ======= ======= ======= =======
# Count          3   12262
# Exec time      2     15s    34us   122ms     1ms     5ms     5ms   224us
# Lock time      0       0       0       0       0       0       0       0
# Rows sent      0       0       0       0       0       0       0       0
# Rows examine   0       0       0       0       0       0       0       0
# Query size     0  71.85k       6       6       6       6       0       6
# String:
# Databases    isucon
# Hosts        localhost
# Users        isucon
# Query_time distribution
#   1us
#  10us  ###########################################
# 100us  ################################################################
#   1ms  ####################
#  10ms  ###
# 100ms  #
#    1s
#  10s+
COMMIT\G

# Query 10: 209.92 QPS, 0.23x concurrency, ID 0xBC551EACF5A3BE27E3F2CC3C5133F3D5 at byte 642952762
# This item is included in the report because it matches --limit.
# Scores: V/M = 0.01
# Time range: 2023-11-23T08:59:03 to 2023-11-23T09:00:03
# Attribute    pct   total     min     max     avg     95%  stddev  median
# ============ === ======= ======= ======= ======= ======= ======= =======
# Count          3   12595
# Exec time      2     14s   118us   105ms     1ms     4ms     3ms   366us
# Lock time      2    57ms       0     5ms     4us     1us    71us     1us
# Rows sent     45 350.54k      27      29   28.50   28.75       1   28.75
# Rows examine  36 701.07k      54      58   57.00   56.92       2   56.92
# Query size     0 817.91k      66      68   66.50   65.89       0   65.89
# String:
# Databases    isucon
# Hosts        localhost
# Users        isucon
# Query_time distribution
#   1us
#  10us
# 100us  ################################################################
#   1ms  ################
#  10ms  #
# 100ms  #
#    1s
#  10s+
# Tables
#    SHOW TABLE STATUS FROM `isucon` LIKE 'gacha_item_masters'\G
#    SHOW CREATE TABLE `isucon`.`gacha_item_masters`\G
# EXPLAIN /*!50100 PARTITIONS*/
SELECT * FROM gacha_item_masters WHERE gacha_id='37' ORDER BY id ASC\G

# Query 11: 383.43 QPS, 0.23x concurrency, ID 0x2372FB123B18A108CFBB5352F61B370B at byte 638252505
# This item is included in the report because it matches --limit.
# Scores: V/M = 0.00
# Time range: 2023-11-23T08:59:03 to 2023-11-23T09:00:03
# Attribute    pct   total     min     max     avg     95%  stddev  median
# ============ === ======= ======= ======= ======= ======= ======= =======
# Count          5   23006
# Exec time      2     14s    49us    48ms   592us     2ms     2ms   144us
# Lock time      3    99ms       0    12ms     4us     1us    96us     1us
# Rows sent      2  22.47k       0       1    1.00    0.99    0.01    0.99
# Rows examine   1  22.47k       0       1    1.00    0.99    0.01    0.99
# Query size     0 872.67k      33      39   38.84   38.53    0.65   38.53
# String:
# Databases    isucon
# Hosts        localhost
# Users        isucon
# Query_time distribution
#   1us
#  10us  ##############################
# 100us  ################################################################
#   1ms  ############
#  10ms  #
# 100ms
#    1s
#  10s+
# Tables
#    SHOW TABLE STATUS FROM `isucon` LIKE 'users'\G
#    SHOW CREATE TABLE `isucon`.`users`\G
# EXPLAIN /*!50100 PARTITIONS*/
SELECT * FROM users WHERE id=6910351589\G

# Query 12: 426.20 QPS, 0.21x concurrency, ID 0xAB2AB35C6EFA17C04018A132A84A16C9 at byte 660222920
# This item is included in the report because it matches --limit.
# Scores: V/M = 0.00
# Time range: 2023-11-23T08:59:03 to 2023-11-23T09:00:03
# Attribute    pct   total     min     max     avg     95%  stddev  median
# ============ === ======= ======= ======= ======= ======= ======= =======
# Count          6   25572
# Exec time      2     13s    40us    46ms   501us     2ms     1ms   131us
# Lock time      4   133ms       0    19ms     5us     1us   141us     1us
# Rows sent      0     586       0       1    0.02       0    0.15       0
# Rows examine   0     586       0       1    0.02       0    0.15       0
# Query size     0   1.17M      46      48   47.84   46.83    0.25   46.83
# String:
# Databases    isucon
# Hosts        localhost
# Users        isucon
# Query_time distribution
#   1us
#  10us  ########################################
# 100us  ################################################################
#   1ms  ###########
#  10ms  #
# 100ms
#    1s
#  10s+
# Tables
#    SHOW TABLE STATUS FROM `isucon` LIKE 'user_bans'\G
#    SHOW CREATE TABLE `isucon`.`user_bans`\G
# EXPLAIN /*!50100 PARTITIONS*/
SELECT * FROM user_bans WHERE user_id=2103764954\G

# Query 13: 226.58 QPS, 0.20x concurrency, ID 0x584D7D428BA6602840353479CEB359A1 at byte 638797473
# This item is included in the report because it matches --limit.
# Scores: V/M = 0.01
# Time range: 2023-11-23T08:59:03 to 2023-11-23T09:00:03
# Attribute    pct   total     min     max     avg     95%  stddev  median
# ============ === ======= ======= ======= ======= ======= ======= =======
# Count          3   13595
# Exec time      2     12s   103us   115ms   895us     4ms     2ms   236us
# Lock time      4   119ms       0    20ms     8us     1us   223us     1us
# Rows sent      1  13.28k       1       1       1       1       0       1
# Rows examine   0  13.28k       1       2    1.00    0.99    0.02    0.99
# Query size     0   1.00M      75      78   77.27   76.28    1.18   76.28
# String:
# Databases    isucon
# Hosts        localhost
# Users        isucon
# Query_time distribution
#   1us
#  10us
# 100us  ################################################################
#   1ms  #############
#  10ms  #
# 100ms  #
#    1s
#  10s+
# Tables
#    SHOW TABLE STATUS FROM `isucon` LIKE 'user_devices'\G
#    SHOW CREATE TABLE `isucon`.`user_devices`\G
# EXPLAIN /*!50100 PARTITIONS*/
SELECT * FROM user_devices WHERE user_id=2886331422 AND platform_id='20423661'\G

# Query 14: 0 QPS, 0x concurrency, ID 0x79A889ED30BFA8BF517F86F6D70065B6 at byte 562824116
# This item is included in the report because it matches --limit.
# Scores: V/M = 0.00
# Time range: all events occurred at 2023-11-23T08:59:02
# Attribute    pct   total     min     max     avg     95%  stddev  median
# ============ === ======= ======= ======= ======= ======= ======= =======
# Count          0       1
# Exec time      2     11s     11s     11s     11s     11s       0     11s
# Lock time      0     3us     3us     3us     3us     3us       0     3us
# Rows sent      0       0       0       0       0       0       0       0
# Rows examine   0       0       0       0       0       0       0       0
# Query size     0     146     146     146     146     146       0     146
# String:
# Databases    isucon
# Hosts        localhost
# Users        isucon
# Query_time distribution
#   1us
#  10us
# 100us
#   1ms
#  10ms
# 100ms
#    1s
#  10s+  ################################################################
# Tables
#    SHOW TABLE STATUS FROM `isucon` LIKE 'user_presents'\G
#    SHOW CREATE TABLE `isucon`.`user_presents`\G
LOAD DATA INFILE '/var/lib/mysql-files/5_user_presents_not_receive_data.tsv' REPLACE INTO TABLE user_presents FIELDS ESCAPED BY '|' IGNORE 1 LINES\G

# Query 15: 68.15 QPS, 0.17x concurrency, ID 0xE89B4FB5E77ED142BEAF8C3B369FA2FE at byte 578115734
# This item is included in the report because it matches --limit.
# Scores: V/M = 0.01
# Time range: 2023-11-23T08:59:03 to 2023-11-23T09:00:03
# Attribute    pct   total     min     max     avg     95%  stddev  median
# ============ === ======= ======= ======= ======= ======= ======= =======
# Count          1    4089
# Exec time      1     10s    87us    67ms     2ms    11ms     5ms   596us
# Lock time      0    13ms       0     2ms     3us     1us    52us     1us
# Rows sent     11  86.32k       1      70   21.62   36.69    9.89   22.53
# Rows examine   4  86.32k       1      70   21.62   36.69    9.89   22.53
# Query size     0   1.28M      74     947  328.40  511.45  121.40  346.17
# String:
# Databases    isucon
# Hosts        localhost
# Users        isucon
# Query_time distribution
#   1us
#  10us  #
# 100us  ################################################################
#   1ms  ##############################
#  10ms  ######
# 100ms
#    1s
#  10s+
# Tables
#    SHOW TABLE STATUS FROM `isucon` LIKE 'user_presents'\G
#    SHOW CREATE TABLE `isucon`.`user_presents`\G
# EXPLAIN /*!50100 PARTITIONS*/
SELECT * FROM user_presents WHERE id IN (167885833, 313100468, 794371923, 860933075, 893197609, 1035214498, 2134696422, 2639896395, 2746484147, 3106104238, 3164249076, 3298088088, 4163996153, 4274442454, 86899216260, 73812004708, 80203266866, 61909149675, 38599439063, 26105296315, 81681393208, 86112029359, 95402816903, 1881109811, 90014129298, 75372417017, 58517982456, 91029647164, 42807214670, 2224894396, 43869958605, 37846175381, 19495348946, 44599871654, 89469827009, 33673019182) AND deleted_at IS NULL\G

# Query 16: 67.23 QPS, 0.13x concurrency, ID 0x1049606E13674A053E0CC69500F839DC at byte 634593420
# This item is included in the report because it matches --limit.
# Scores: V/M = 0.02
# Time range: 2023-11-23T08:59:03 to 2023-11-23T09:00:03
# Attribute    pct   total     min     max     avg     95%  stddev  median
# ============ === ======= ======= ======= ======= ======= ======= =======
# Count          1    4034
# Exec time      1      8s   124us   112ms     2ms     8ms     6ms   424us
# Lock time      0    14ms       0     1ms     3us     1us    34us     1us
# Rows sent      0       0       0       0       0       0       0       0
# Rows examine   0   3.94k       1       1       1       1       0       1
# Query size     0 409.70k     104     104     104     104       0     104
# String:
# Databases    isucon
# Hosts        localhost
# Users        isucon
# Query_time distribution
#   1us
#  10us
# 100us  ################################################################
#   1ms  ########################
#  10ms  ###
# 100ms  #
#    1s
#  10s+
# Tables
#    SHOW TABLE STATUS FROM `isucon` LIKE 'user_one_time_tokens'\G
#    SHOW CREATE TABLE `isucon`.`user_one_time_tokens`\G
UPDATE user_one_time_tokens SET deleted_at=1661677180 WHERE token='f7978b16-6ae4-40c0-a9cf-a025ca415563'\G
# Converted for EXPLAIN
# EXPLAIN /*!50100 PARTITIONS*/
select  deleted_at=1661677180 from user_one_time_tokens where  token='f7978b16-6ae4-40c0-a9cf-a025ca415563'\G

# Query 17: 213.12 QPS, 0.13x concurrency, ID 0x0B3509236B570F5C5FE423B079765901 at byte 649116999
# This item is included in the report because it matches --limit.
# Scores: V/M = 0.01
# Time range: 2023-11-23T08:59:03 to 2023-11-23T09:00:03
# Attribute    pct   total     min     max     avg     95%  stddev  median
# ============ === ======= ======= ======= ======= ======= ======= =======
# Count          3   12787
# Exec time      1      8s    50us    50ms   611us     2ms     2ms   144us
# Lock time      2    69ms       0    17ms     5us     1us   163us     1us
# Rows sent      0       0       0       0       0       0       0       0
# Rows examine   0       0       0       0       0       0       0       0
# Query size     0   2.08M     166     176  170.19  166.51    0.92  166.51
# String:
# Databases    isucon
# Hosts        localhost
# Users        isucon
# Query_time distribution
#   1us
#  10us  #########################
# 100us  ################################################################
#   1ms  ############
#  10ms  #
# 100ms
#    1s
#  10s+
# Tables
#    SHOW TABLE STATUS FROM `isucon` LIKE 'user_cards'\G
#    SHOW CREATE TABLE `isucon`.`user_cards`\G
INSERT INTO user_cards(id, user_id, card_id, amount_per_sec, level, total_exp, created_at, updated_at) VALUES (4197498591, 8183483228, 13, 5000, 1, 0, 1661677186, 1661677186)\G

# Query 18: 197.90 QPS, 0.12x concurrency, ID 0x975F0A7CC9BCA46BBC7DAD888BA0794F at byte 649115804
# This item is included in the report because it matches --limit.
# Scores: V/M = 0.00
# Time range: 2023-11-23T08:59:03 to 2023-11-23T09:00:03
# Attribute    pct   total     min     max     avg     95%  stddev  median
# ============ === ======= ======= ======= ======= ======= ======= =======
# Count          3   11874
# Exec time      1      7s    55us    53ms   594us     2ms     2ms   159us
# Lock time      2    60ms       0    12ms     5us     1us   160us     1us
# Rows sent      1  11.60k       1       1       1       1       0       1
# Rows examine   0  11.60k       1       1       1       1       0       1
# Query size     0 617.49k      53      54   53.25   51.63    0.00   51.63
# String:
# Databases    isucon
# Hosts        localhost
# Users        isucon
# Query_time distribution
#   1us
#  10us  #########################
# 100us  ################################################################
#   1ms  ############
#  10ms  #
# 100ms
#    1s
#  10s+
# Tables
#    SHOW TABLE STATUS FROM `isucon` LIKE 'item_masters'\G
#    SHOW CREATE TABLE `isucon`.`item_masters`\G
# EXPLAIN /*!50100 PARTITIONS*/
SELECT * FROM item_masters WHERE id=2 AND item_type=2\G

# Query 19: 162.65 QPS, 0.12x concurrency, ID 0xE63C5805E48DA98A0AD3A20E4E0B9976 at byte 649116431
# This item is included in the report because it matches --limit.
# Scores: V/M = 0.00
# Time range: 2023-11-23T08:59:03 to 2023-11-23T09:00:03
# Attribute    pct   total     min     max     avg     95%  stddev  median
# ============ === ======= ======= ======= ======= ======= ======= =======
# Count          2    9759
# Exec time      1      7s    81us    54ms   716us     3ms     2ms   194us
# Lock time      1    44ms       0     8ms     4us     1us   109us     1us
# Rows sent      0   6.76k       0       1    0.71    0.99    0.45    0.99
# Rows examine   0   6.76k       0       1    0.71    0.99    0.45    0.99
# Query size     0 741.95k      76      78   77.85   76.28    0.40   76.28
# String:
# Databases    isucon
# Hosts        localhost
# Users        isucon
# Query_time distribution
#   1us
#  10us  #
# 100us  ################################################################
#   1ms  ##########
#  10ms  #
# 100ms
#    1s
#  10s+
# Tables
#    SHOW TABLE STATUS FROM `isucon` LIKE 'user_login_bonuses'\G
#    SHOW CREATE TABLE `isucon`.`user_login_bonuses`\G
# EXPLAIN /*!50100 PARTITIONS*/
SELECT * FROM user_login_bonuses WHERE user_id=3429251394 AND login_bonus_id=1\G

# Query 20: 174.10 QPS, 0.11x concurrency, ID 0xD858CC1645CE084FE3844E34483B662E at byte 631098814
# This item is included in the report because it matches --limit.
# Scores: V/M = 0.01
# Time range: 2023-11-23T08:59:03 to 2023-11-23T09:00:03
# Attribute    pct   total     min     max     avg     95%  stddev  median
# ============ === ======= ======= ======= ======= ======= ======= =======
# Count          2   10446
# Exec time      1      7s    52us    59ms   640us     2ms     2ms   144us
# Lock time      2    56ms       0    16ms     5us     1us   160us     1us
# Rows sent      0       0       0       0       0       0       0       0
# Rows examine   0  10.20k       1       1       1       1       0       1
# Query size     0 533.63k      47      57   52.31   54.21    2.94   49.17
# String:
# Databases    isucon
# Hosts        localhost
# Users        isucon
# Query_time distribution
#   1us
#  10us  ######################
# 100us  ################################################################
#   1ms  ###########
#  10ms  #
# 100ms
#    1s
#  10s+
# Tables
#    SHOW TABLE STATUS FROM `isucon` LIKE 'users'\G
#    SHOW CREATE TABLE `isucon`.`users`\G
UPDATE users SET isu_coin=9947117253 WHERE id=2478329247\G
# Converted for EXPLAIN
# EXPLAIN /*!50100 PARTITIONS*/
select  isu_coin=9947117253 from users where  id=2478329247\G
