
# A software update is available:

# 15.7s user time, 120ms system time, 62.45M rss, 390.29G vsz
# Current date: Thu Nov 23 04:18:21 2023
# Hostname: YusukenoMac-mini.local
# Files: slowquery/log/mysql-slow.log
# Overall: 362.12k total, 177 unique, 4.02k QPS, 5.98x concurrency _______
# Time range: 2023-11-22T19:14:43 to 2023-11-22T19:16:13
# Attribute          total     min     max     avg     95%  stddev  median
# ============     ======= ======= ======= ======= ======= ======= =======
# Exec time           539s     1us     11s     1ms     5ms    20ms   185us
# Lock time             3s       0   110ms     7us     1us   403us     1us
# Rows sent        733.01k       0    1012    2.07   13.83    6.50       0
# Rows examine       3.44M       0 235.99k    9.96   46.83  400.23    0.99
# Query size       114.54M       6 1008.95k  331.65  234.30  13.67k   72.65

# Profile
# Rank Query ID                            Response time Calls  R/Call  V/
# ==== =================================== ============= ====== ======= ==
#    1 0x6E790EE92EFF4755B6E0FA83F9CA8363  57.3650 10.7%   3727  0.0154  0.04 UPDATE user_presents
#    2 0x611363ACBD1690538F137757E45B738C  50.9712  9.5%   3751  0.0136  0.03 SELECT user_presents
#    3 0xF0F3320DE1260EAD27BC0426FCB34A4D  41.0409  7.6%   3751  0.0109  0.04 SELECT user_presents
#    4 0x03FFA53B9AEA23779E51FE7DD3DC165E  36.6520  6.8%  30106  0.0012  0.01 INSERT user_presents
#    5 0xE89B4FB5E77ED142BEAF8C3B369FA2FE  36.5778  6.8%   3727  0.0098  0.03 SELECT user_presents
#    6 0x2372FB123B18A108CFBB5352F61B370B  33.3784  6.2%  20729  0.0016  0.02 SELECT users
#    7 0xED0711EB833D06BBD84F496A9784760B  29.3921  5.5%  42082  0.0007  0.01 UPDATE user_items
#    8 0x8CA5C26DA1F53D285B58FE47352DA00A  19.5725  3.6%  20489  0.0010  0.01 SELECT user_sessions
#    9 0x4AB397782791D7238C5B05EB6CB46F22  16.8170  3.1%   2870  0.0059  0.03 SELECT users
#   10 0x07D5CE9B533D56A3B70C17C590E82A7F  15.8526  2.9%  23988  0.0007  0.02 SELECT version_masters
#   11 0xBC551EACF5A3BE27E3F2CC3C5133F3D5  14.1962  2.6%  11100  0.0013  0.01 SELECT gacha_item_masters
#   12 0xFFFCA4D67EA0A788813031B8BBC3B329  14.1818  2.6%  11186  0.0013  0.01 COMMIT
#   13 0xAB2AB35C6EFA17C04018A132A84A16C9  13.2048  2.5%  22985  0.0006  0.01 SELECT user_bans
#   14 0x79A889ED30BFA8BF517F86F6D70065B6  11.3874  2.1%      1 11.3874  0.00 LOAD DATA user_presents
#   15 0x584D7D428BA6602840353479CEB359A1  11.3850  2.1%  12099  0.0009  0.01 SELECT user_devices
#   16 0x2096778F723F6666B5D7DDC9D01010C7   9.3692  1.7%     46  0.2037  0.03 INSERT user_cards
#   17 0x0B3509236B570F5C5FE423B079765901   8.8999  1.7%  14521  0.0006  0.01 INSERT user_cards
#   18 0x975F0A7CC9BCA46BBC7DAD888BA0794F   8.3483  1.5%  13200  0.0006  0.01 SELECT item_masters
#   19 0x1049606E13674A053E0CC69500F839DC   7.0218  1.3%   3676  0.0019  0.01 UPDATE user_one_time_tokens
#   20 0xD858CC1645CE084FE3844E34483B662E   6.6979  1.2%   9711  0.0007  0.01 UPDATE users
# MISC 0xMISC                              96.3149 17.9% 108375  0.0009   0.0 <157 ITEMS>

# Query 1: 62.12 QPS, 0.96x concurrency, ID 0x6E790EE92EFF4755B6E0FA83F9CA8363 at byte 175790518
# This item is included in the report because it matches --limit.
# Scores: V/M = 0.04
# Time range: 2023-11-22T19:15:13 to 2023-11-22T19:16:13
# Attribute    pct   total     min     max     avg     95%  stddev  median
# ============ === ======= ======= ======= ======= ======= ======= =======
# Count          1    3727
# Exec time     10     57s    89us   273ms    15ms    65ms    25ms     4ms
# Lock time      0    13ms       0     2ms     3us     1us    43us     1us
# Rows sent      0       0       0       0       0       0       0       0
# Rows examine   2  93.26k       1      65   25.62   46.83   11.76   26.08
# Query size     1   1.40M      93     909  393.28  652.75  146.55  400.73
# String:
# Databases    isucon
# Hosts        localhost
# Users        isucon
# Query_time distribution
#   1us
#  10us  #
# 100us  ##############################
#   1ms  ################################################################
#  10ms  ################################################
# 100ms  ###
#    1s
#  10s+
# Tables
#    SHOW TABLE STATUS FROM `isucon` LIKE 'user_presents'\G
#    SHOW CREATE TABLE `isucon`.`user_presents`\G
UPDATE user_presents SET deleted_at=1661714163, updated_at=1661714163 WHERE id IN (33820263, 371606260, 663752956, 695420939, 985413908, 1024373703, 1051251778, 1059907128, 1777855448, 1815973947, 1883917835, 1926413012, 2299629902, 2343424666, 2724429476, 2732432466, 2761196842, 3665900439, 3756647699, 3937622497, 3973853404, 4031851860, 4061740990, 4071081023, 4071904530, 4092811010, 12311553087, 20023804569, 20155007684, 23588589313, 26204341102, 27493061050, 28776692276, 29357172087, 29847572761, 34166113225, 41303482586, 42877654805, 53000053881, 57969331198, 69410005801, 69831356730, 70232306916, 79727319945, 84126498053, 88186903997, 93276851950, 99081325496, 99697099392)\G
# Converted for EXPLAIN
# EXPLAIN /*!50100 PARTITIONS*/
select  deleted_at=1661714163, updated_at=1661714163 from user_presents where  id IN (33820263, 371606260, 663752956, 695420939, 985413908, 1024373703, 1051251778, 1059907128, 1777855448, 1815973947, 1883917835, 1926413012, 2299629902, 2343424666, 2724429476, 2732432466, 2761196842, 3665900439, 3756647699, 3937622497, 3973853404, 4031851860, 4061740990, 4071081023, 4071904530, 4092811010, 12311553087, 20023804569, 20155007684, 23588589313, 26204341102, 27493061050, 28776692276, 29357172087, 29847572761, 34166113225, 41303482586, 42877654805, 53000053881, 57969331198, 69410005801, 69831356730, 70232306916, 79727319945, 84126498053, 88186903997, 93276851950, 99081325496, 99697099392)\G

# Query 2: 62.52 QPS, 0.85x concurrency, ID 0x611363ACBD1690538F137757E45B738C at byte 122886166
# This item is included in the report because it matches --limit.
# Scores: V/M = 0.03
# Time range: 2023-11-22T19:15:13 to 2023-11-22T19:16:13
# Attribute    pct   total     min     max     avg     95%  stddev  median
# ============ === ======= ======= ======= ======= ======= ======= =======
# Count          1    3751
# Exec time      9     51s   223us   211ms    14ms    59ms    22ms     4ms
# Lock time      1    37ms       0    10ms     9us     1us   207us     1us
# Rows sent     12  93.75k       0      65   25.59   46.83   11.77   26.08
# Rows examine  25 882.85k      27     747  241.01  685.39  239.15   54.21
# Query size     0 471.89k     126     129  128.82  124.25       0  124.25
# String:
# Databases    isucon
# Hosts        localhost
# Users        isucon
# Query_time distribution
#   1us
#  10us
# 100us  ###############################
#   1ms  ################################################################
#  10ms  ################################################
# 100ms  ##
#    1s
#  10s+
# Tables
#    SHOW TABLE STATUS FROM `isucon` LIKE 'user_presents'\G
#    SHOW CREATE TABLE `isucon`.`user_presents`\G
# EXPLAIN /*!50100 PARTITIONS*/
SELECT * FROM user_presents 
	WHERE user_id = 3973594158 AND deleted_at IS NULL
	ORDER BY created_at DESC, id
	LIMIT 100 OFFSET 0\G

# Query 3: 62.52 QPS, 0.68x concurrency, ID 0xF0F3320DE1260EAD27BC0426FCB34A4D at byte 175751947
# This item is included in the report because it matches --limit.
# Scores: V/M = 0.04
# Time range: 2023-11-22T19:15:13 to 2023-11-22T19:16:13
# Attribute    pct   total     min     max     avg     95%  stddev  median
# ============ === ======= ======= ======= ======= ======= ======= =======
# Count          1    3751
# Exec time      7     41s   180us   227ms    11ms    51ms    20ms     3ms
# Lock time      1    31ms       0    11ms     8us     1us   202us     1us
# Rows sent      0   3.66k       1       1       1       1       0       1
# Rows examine  22 789.09k      27     712  215.42  652.75  232.19   36.69
# Query size     0 307.06k      81      84   83.82   80.10       0   80.10
# String:
# Databases    isucon
# Hosts        localhost
# Users        isucon
# Query_time distribution
#   1us
#  10us
# 100us  ###################################################
#   1ms  ################################################################
#  10ms  ########################################
# 100ms  #
#    1s
#  10s+
# Tables
#    SHOW TABLE STATUS FROM `isucon` LIKE 'user_presents'\G
#    SHOW CREATE TABLE `isucon`.`user_presents`\G
# EXPLAIN /*!50100 PARTITIONS*/
SELECT COUNT(*) FROM user_presents WHERE user_id = 3763202960 AND deleted_at IS NULL\G

# Query 4: 493.54 QPS, 0.60x concurrency, ID 0x03FFA53B9AEA23779E51FE7DD3DC165E at byte 122754140
# This item is included in the report because it matches --limit.
# Scores: V/M = 0.01
# Time range: 2023-11-22T19:15:12 to 2023-11-22T19:16:13
# Attribute    pct   total     min     max     avg     95%  stddev  median
# ============ === ======= ======= ======= ======= ======= ======= =======
# Count          8   30106
# Exec time      6     37s    45us   107ms     1ms     5ms     4ms   159us
# Lock time      6   181ms       0    13ms     6us     1us   161us     1us
# Rows sent      0       0       0       0       0       0       0       0
# Rows examine   0       0       0       0       0       0       0       0
# Query size     9  10.75M     235   3.32k  374.29   1.69k  573.17  234.30
# String:
# Databases    isucon
# Hosts        localhost
# Users        isucon
# Query_time distribution
#   1us
#  10us  ################################
# 100us  ################################################################
#   1ms  ##################
#  10ms  ###
# 100ms  #
#    1s
#  10s+
# Tables
#    SHOW TABLE STATUS FROM `isucon` LIKE 'user_presents'\G
#    SHOW CREATE TABLE `isucon`.`user_presents`\G
INSERT INTO user_presents(id, user_id, sent_at, item_type, item_id, amount, present_message, created_at, updated_at) VALUES (710434242, 8723280005, 1661714138, 2, 2, 1, '3周年ガチャの付与アイテムです', 1661714138, 1661714138)\G

# Query 5: 62.12 QPS, 0.61x concurrency, ID 0xE89B4FB5E77ED142BEAF8C3B369FA2FE at byte 175720405
# This item is included in the report because it matches --limit.
# Scores: V/M = 0.03
# Time range: 2023-11-22T19:15:13 to 2023-11-22T19:16:13
# Attribute    pct   total     min     max     avg     95%  stddev  median
# ============ === ======= ======= ======= ======= ======= ======= =======
# Count          1    3727
# Exec time      6     37s   105us   211ms    10ms    46ms    18ms     2ms
# Lock time      0    14ms       0     5ms     3us     1us    85us     1us
# Rows sent     12  93.26k       1      65   25.62   46.83   11.76   26.08
# Rows examine   2  93.26k       1      65   25.62   46.83   11.76   26.08
# Query size     1   1.33M      74     890  374.28  621.67  146.56  381.65
# String:
# Databases    isucon
# Hosts        localhost
# Users        isucon
# Query_time distribution
#   1us
#  10us
# 100us  ################################################################
#   1ms  ##################################################
#  10ms  ######################################
# 100ms  #
#    1s
#  10s+
# Tables
#    SHOW TABLE STATUS FROM `isucon` LIKE 'user_presents'\G
#    SHOW CREATE TABLE `isucon`.`user_presents`\G
# EXPLAIN /*!50100 PARTITIONS*/
SELECT * FROM user_presents WHERE id IN (3501487331, 189051970, 839832502, 1376402118, 2114554039, 2398105256, 2574771607, 2654750452, 3661316091, 3715510373, 3947682566, 21895637225, 47839764401, 71780041558, 75003599541, 18543153049, 57428289114, 5673692317, 92643081568, 16442515372, 26461104648, 43926912853, 49874025750, 67931858847, 45741898542, 82720488484, 14261960989, 46014366194, 30533947010, 94556577177, 1835756120, 11340304391, 45235354929) AND deleted_at IS NULL\G

# Query 6: 339.82 QPS, 0.55x concurrency, ID 0x2372FB123B18A108CFBB5352F61B370B at byte 157258964
# This item is included in the report because it matches --limit.
# Scores: V/M = 0.02
# Time range: 2023-11-22T19:15:12 to 2023-11-22T19:16:13
# Attribute    pct   total     min     max     avg     95%  stddev  median
# ============ === ======= ======= ======= ======= ======= ======= =======
# Count          5   20729
# Exec time      6     33s    52us   143ms     2ms     7ms     6ms   152us
# Lock time      4   122ms       0    15ms     5us     1us   160us     1us
# Rows sent      2  20.24k       0       1    1.00    0.99    0.01    0.99
# Rows examine   0  20.24k       0       1    1.00    0.99    0.01    0.99
# Query size     0 786.18k      33      39   38.84   38.53    0.66   38.53
# String:
# Databases    isucon
# Hosts        localhost
# Users        isucon
# Query_time distribution
#   1us
#  10us  ###########################
# 100us  ################################################################
#   1ms  ##############
#  10ms  ####
# 100ms  #
#    1s
#  10s+
# Tables
#    SHOW TABLE STATUS FROM `isucon` LIKE 'users'\G
#    SHOW CREATE TABLE `isucon`.`users`\G
# EXPLAIN /*!50100 PARTITIONS*/
SELECT * FROM users WHERE id=1271301499\G

# Query 7: 689.87 QPS, 0.48x concurrency, ID 0xED0711EB833D06BBD84F496A9784760B at byte 157179227
# This item is included in the report because it matches --limit.
# Scores: V/M = 0.01
# Time range: 2023-11-22T19:15:12 to 2023-11-22T19:16:13
# Attribute    pct   total     min     max     avg     95%  stddev  median
# ============ === ======= ======= ======= ======= ======= ======= =======
# Count         11   42082
# Exec time      5     29s    46us    85ms   698us     3ms     2ms   138us
# Lock time      8   253ms       0    44ms     6us     1us   278us     1us
# Rows sent      0       0       0       0       0       0       0       0
# Rows examine   1  41.10k       1       1       1       1       0       1
# Query size     2   3.01M      70      76   74.92   72.65    0.45   72.65
# String:
# Databases    isucon
# Hosts        localhost
# Users        isucon
# Query_time distribution
#   1us
#  10us  ############################
# 100us  ################################################################
#   1ms  #############
#  10ms  #
# 100ms
#    1s
#  10s+
# Tables
#    SHOW TABLE STATUS FROM `isucon` LIKE 'user_items'\G
#    SHOW CREATE TABLE `isucon`.`user_items`\G
UPDATE user_items SET amount=84, updated_at=1661714154 WHERE id=61898821156\G
# Converted for EXPLAIN
# EXPLAIN /*!50100 PARTITIONS*/
select  amount=84, updated_at=1661714154 from user_items where  id=61898821156\G

# Query 8: 341.48 QPS, 0.33x concurrency, ID 0x8CA5C26DA1F53D285B58FE47352DA00A at byte 157167408
# This item is included in the report because it matches --limit.
# Scores: V/M = 0.01
# Time range: 2023-11-22T19:15:13 to 2023-11-22T19:16:13
# Attribute    pct   total     min     max     avg     95%  stddev  median
# ============ === ======= ======= ======= ======= ======= ======= =======
# Count          5   20489
# Exec time      3     20s    98us    84ms   955us     4ms     3ms   224us
# Lock time      5   168ms       0    20ms     8us     1us   212us     1us
# Rows sent      2  20.01k       0       1    1.00    0.99    0.01    0.99
# Rows examine   0  20.01k       0       1    1.00    0.99    0.01    0.99
# Query size     1   2.07M      81     106  106.00  102.22    0.15  102.22
# String:
# Databases    isucon
# Hosts        localhost
# Users        isucon
# Query_time distribution
#   1us
#  10us  #
# 100us  ################################################################
#   1ms  ############
#  10ms  #
# 100ms
#    1s
#  10s+
# Tables
#    SHOW TABLE STATUS FROM `isucon` LIKE 'user_sessions'\G
#    SHOW CREATE TABLE `isucon`.`user_sessions`\G
# EXPLAIN /*!50100 PARTITIONS*/
SELECT * FROM user_sessions WHERE session_id='ca841c8e-9750-4cb3-afa7-313f6748ddfe' AND deleted_at IS NULL\G

# Query 9: 47.05 QPS, 0.28x concurrency, ID 0x4AB397782791D7238C5B05EB6CB46F22 at byte 141088131
# This item is included in the report because it matches --limit.
# Scores: V/M = 0.03
# Time range: 2023-11-22T19:15:12 to 2023-11-22T19:16:13
# Attribute    pct   total     min     max     avg     95%  stddev  median
# ============ === ======= ======= ======= ======= ======= ======= =======
# Count          0    2870
# Exec time      3     17s    57us   156ms     6ms    33ms    13ms   273us
# Lock time      1    40ms       0    12ms    13us     1us   275us     1us
# Rows sent      0   2.80k       1       1       1       1       0       1
# Rows examine   0   2.80k       1       1       1       1       0       1
# Query size     0 128.50k      43      46   45.85   44.60    0.25   44.60
# String:
# Databases    isucon
# Hosts        localhost
# Users        isucon
# Query_time distribution
#   1us
#  10us  ####################################
# 100us  ################################################################
#   1ms  #############################
#  10ms  #########################
# 100ms  #
#    1s
#  10s+
# Tables
#    SHOW TABLE STATUS FROM `isucon` LIKE 'users'\G
#    SHOW CREATE TABLE `isucon`.`users`\G
# EXPLAIN /*!50100 PARTITIONS*/
SELECT isu_coin FROM users WHERE id=4871524486\G

# Query 10: 393.25 QPS, 0.26x concurrency, ID 0x07D5CE9B533D56A3B70C17C590E82A7F at byte 92061080
# This item is included in the report because it matches --limit.
# Scores: V/M = 0.02
# Time range: 2023-11-22T19:15:12 to 2023-11-22T19:16:13
# Attribute    pct   total     min     max     avg     95%  stddev  median
# ============ === ======= ======= ======= ======= ======= ======= =======
# Count          6   23988
# Exec time      2     16s    52us   169ms   660us     2ms     3ms   144us
# Lock time      5   165ms       0    19ms     6us     1us   200us     1us
# Rows sent      3  23.43k       1       1       1       1       0       1
# Rows examine   1  39.66k       1       2    1.69    1.96    0.45    1.96
# Query size     0   1.01M      44      44      44      44       0      44
# String:
# Databases    isucon
# Hosts        localhost
# Users        isucon
# Query_time distribution
#   1us
#  10us  ######################
# 100us  ################################################################
#   1ms  #########
#  10ms  #
# 100ms  #
#    1s
#  10s+
# Tables
#    SHOW TABLE STATUS FROM `isucon` LIKE 'version_masters'\G
#    SHOW CREATE TABLE `isucon`.`version_masters`\G
# EXPLAIN /*!50100 PARTITIONS*/
SELECT * FROM version_masters WHERE status=1\G

# Query 11: 185 QPS, 0.24x concurrency, ID 0xBC551EACF5A3BE27E3F2CC3C5133F3D5 at byte 152845148
# This item is included in the report because it matches --limit.
# Scores: V/M = 0.01
# Time range: 2023-11-22T19:15:13 to 2023-11-22T19:16:13
# Attribute    pct   total     min     max     avg     95%  stddev  median
# ============ === ======= ======= ======= ======= ======= ======= =======
# Count          3   11100
# Exec time      2     14s   116us    55ms     1ms     5ms     3ms   348us
# Lock time      3    90ms       0    11ms     8us     1us   175us     1us
# Rows sent     42 308.93k      27      29   28.50   28.75       1   28.75
# Rows examine  17 617.86k      54      58   57.00   56.92       2   56.92
# Query size     0 720.83k      66      68   66.50   65.89       0   65.89
# String:
# Databases    isucon
# Hosts        localhost
# Users        isucon
# Query_time distribution
#   1us
#  10us
# 100us  ################################################################
#   1ms  ###################
#  10ms  #
# 100ms
#    1s
#  10s+
# Tables
#    SHOW TABLE STATUS FROM `isucon` LIKE 'gacha_item_masters'\G
#    SHOW CREATE TABLE `isucon`.`gacha_item_masters`\G
# EXPLAIN /*!50100 PARTITIONS*/
SELECT * FROM gacha_item_masters WHERE gacha_id='37' ORDER BY id ASC\G

# Query 12: 183.38 QPS, 0.23x concurrency, ID 0xFFFCA4D67EA0A788813031B8BBC3B329 at byte 183703222
# This item is included in the report because it matches --limit.
# Scores: V/M = 0.01
# Time range: 2023-11-22T19:15:12 to 2023-11-22T19:16:13
# Attribute    pct   total     min     max     avg     95%  stddev  median
# ============ === ======= ======= ======= ======= ======= ======= =======
# Count          3   11186
# Exec time      2     14s    38us    90ms     1ms     5ms     4ms   247us
# Lock time      0       0       0       0       0       0       0       0
# Rows sent      0       0       0       0       0       0       0       0
# Rows examine   0       0       0       0       0       0       0       0
# Query size     0  65.54k       6       6       6       6       0       6
# String:
# Databases    isucon
# Hosts        localhost
# Users        isucon
# Query_time distribution
#   1us
#  10us  ##########################################
# 100us  ################################################################
#   1ms  ########################
#  10ms  ###
# 100ms
#    1s
#  10s+
COMMIT\G

# Query 13: 376.80 QPS, 0.22x concurrency, ID 0xAB2AB35C6EFA17C04018A132A84A16C9 at byte 156593499
# This item is included in the report because it matches --limit.
# Scores: V/M = 0.01
# Time range: 2023-11-22T19:15:12 to 2023-11-22T19:16:13
# Attribute    pct   total     min     max     avg     95%  stddev  median
# ============ === ======= ======= ======= ======= ======= ======= =======
# Count          6   22985
# Exec time      2     13s    40us    73ms   574us     2ms     2ms   131us
# Lock time      6   186ms       0    38ms     8us     1us   289us     1us
# Rows sent      0     590       0       1    0.03       0    0.16       0
# Rows examine   0     590       0       1    0.03       0    0.16       0
# Query size     0   1.05M      45      48   47.84   46.83    0.26   46.83
# String:
# Databases    isucon
# Hosts        localhost
# Users        isucon
# Query_time distribution
#   1us
#  10us  #######################################
# 100us  ################################################################
#   1ms  ###########
#  10ms  #
# 100ms
#    1s
#  10s+
# Tables
#    SHOW TABLE STATUS FROM `isucon` LIKE 'user_bans'\G
#    SHOW CREATE TABLE `isucon`.`user_bans`\G
# EXPLAIN /*!50100 PARTITIONS*/
SELECT * FROM user_bans WHERE user_id=3456972007\G

# Query 14: 0 QPS, 0x concurrency, ID 0x79A889ED30BFA8BF517F86F6D70065B6 at byte 76650857
# This item is included in the report because it matches --limit.
# Scores: V/M = 0.00
# Time range: all events occurred at 2023-11-22T19:15:12
# Attribute    pct   total     min     max     avg     95%  stddev  median
# ============ === ======= ======= ======= ======= ======= ======= =======
# Count          0       1
# Exec time      2     11s     11s     11s     11s     11s       0     11s
# Lock time      0     3us     3us     3us     3us     3us       0     3us
# Rows sent      0       0       0       0       0       0       0       0
# Rows examine   0       0       0       0       0       0       0       0
# Query size     0     146     146     146     146     146       0     146
# String:
# Databases    isucon
# Hosts        localhost
# Users        isucon
# Query_time distribution
#   1us
#  10us
# 100us
#   1ms
#  10ms
# 100ms
#    1s
#  10s+  ################################################################
# Tables
#    SHOW TABLE STATUS FROM `isucon` LIKE 'user_presents'\G
#    SHOW CREATE TABLE `isucon`.`user_presents`\G
LOAD DATA INFILE '/var/lib/mysql-files/5_user_presents_not_receive_data.tsv' REPLACE INTO TABLE user_presents FIELDS ESCAPED BY '|' IGNORE 1 LINES\G

# Query 15: 198.34 QPS, 0.19x concurrency, ID 0x584D7D428BA6602840353479CEB359A1 at byte 151563714
# This item is included in the report because it matches --limit.
# Scores: V/M = 0.01
# Time range: 2023-11-22T19:15:12 to 2023-11-22T19:16:13
# Attribute    pct   total     min     max     avg     95%  stddev  median
# ============ === ======= ======= ======= ======= ======= ======= =======
# Count          3   12099
# Exec time      2     11s   103us    53ms   940us     4ms     2ms   236us
# Lock time      3   106ms       0    40ms     8us     1us   380us     1us
# Rows sent      1  11.82k       1       1       1       1       0       1
# Rows examine   0  11.82k       1       2    1.00    0.99    0.02    0.99
# Query size     0 912.55k      74      78   77.23   76.28    1.21   76.28
# String:
# Databases    isucon
# Hosts        localhost
# Users        isucon
# Query_time distribution
#   1us
#  10us
# 100us  ################################################################
#   1ms  #############
#  10ms  #
# 100ms
#    1s
#  10s+
# Tables
#    SHOW TABLE STATUS FROM `isucon` LIKE 'user_devices'\G
#    SHOW CREATE TABLE `isucon`.`user_devices`\G
# EXPLAIN /*!50100 PARTITIONS*/
SELECT * FROM user_devices WHERE user_id=5974056899 AND platform_id='2049999'\G

# Query 16: 5.11 QPS, 1.04x concurrency, ID 0x2096778F723F6666B5D7DDC9D01010C7 at byte 35291584
# This item is included in the report because it matches --limit.
# Scores: V/M = 0.03
# Time range: 2023-11-22T19:14:45 to 2023-11-22T19:14:54
# Attribute    pct   total     min     max     avg     95%  stddev  median
# ============ === ======= ======= ======= ======= ======= ======= =======
# Count          0      46
# Exec time      1      9s   146ms   600ms   204ms   323ms    82ms   171ms
# Lock time      0       0       0       0       0       0       0       0
# Rows sent      0       0       0       0       0       0       0       0
# Rows examine   0       0       0       0       0       0       0       0
# Query size    39  45.18M 970.86k 1006.59k 1005.76k 961.27k       0 961.27k
# String:
# Databases    isucon
# Hosts        localhost
# Users        isucon
# Query_time distribution
#   1us
#  10us
# 100us
#   1ms
#  10ms
# 100ms  ################################################################
#    1s
#  10s+
# Tables
#    SHOW TABLE STATUS FROM `isucon` LIKE 'user_cards'\G
#    SHOW CREATE TABLE `isucon`.`user_cards`\G
INSERT INTO `user_cards` VALUES (74058928079,9909014657,6,780,39,8643,1584709110,1584709110,NULL) /*... omitted ...*/\G

# Query 17: 238.05 QPS, 0.15x concurrency, ID 0x0B3509236B570F5C5FE423B079765901 at byte 117589321
# This item is included in the report because it matches --limit.
# Scores: V/M = 0.01
# Time range: 2023-11-22T19:15:12 to 2023-11-22T19:16:13
# Attribute    pct   total     min     max     avg     95%  stddev  median
# ============ === ======= ======= ======= ======= ======= ======= =======
# Count          4   14521
# Exec time      1      9s    50us    66ms   612us     2ms     2ms   138us
# Lock time      3    94ms       0    32ms     6us     1us   272us     1us
# Rows sent      0       0       0       0       0       0       0       0
# Rows examine   0       0       0       0       0       0       0       0
# Query size     2   2.36M     166     176  170.21  166.51    0.87  166.51
# String:
# Databases    isucon
# Hosts        localhost
# Users        isucon
# Query_time distribution
#   1us
#  10us  #########################
# 100us  ################################################################
#   1ms  ###########
#  10ms  #
# 100ms
#    1s
#  10s+
# Tables
#    SHOW TABLE STATUS FROM `isucon` LIKE 'user_cards'\G
#    SHOW CREATE TABLE `isucon`.`user_cards`\G
INSERT INTO user_cards(id, user_id, card_id, amount_per_sec, level, total_exp, created_at, updated_at) VALUES (1389980249, 236551877, 2, 1, 1, 0, 1661714135, 1661714135)\G

# Query 18: 216.39 QPS, 0.14x concurrency, ID 0x975F0A7CC9BCA46BBC7DAD888BA0794F at byte 186626278
# This item is included in the report because it matches --limit.
# Scores: V/M = 0.01
# Time range: 2023-11-22T19:15:12 to 2023-11-22T19:16:13
# Attribute    pct   total     min     max     avg     95%  stddev  median
# ============ === ======= ======= ======= ======= ======= ======= =======
# Count          3   13200
# Exec time      1      8s    57us    58ms   632us     2ms     2ms   159us
# Lock time      2    71ms       0    13ms     5us     1us   165us     1us
# Rows sent      1  12.89k       1       1       1       1       0       1
# Rows examine   0  12.89k       1       1       1       1       0       1
# Query size     0 685.96k      53      54   53.21   51.63       0   51.63
# String:
# Databases    isucon
# Hosts        localhost
# Users        isucon
# Query_time distribution
#   1us
#  10us  #########################
# 100us  ################################################################
#   1ms  ###########
#  10ms  #
# 100ms
#    1s
#  10s+
# Tables
#    SHOW TABLE STATUS FROM `isucon` LIKE 'item_masters'\G
#    SHOW CREATE TABLE `isucon`.`item_masters`\G
# EXPLAIN /*!50100 PARTITIONS*/
SELECT * FROM item_masters WHERE id=2 AND item_type=2\G

# Query 19: 61.27 QPS, 0.12x concurrency, ID 0x1049606E13674A053E0CC69500F839DC at byte 161743385
# This item is included in the report because it matches --limit.
# Scores: V/M = 0.01
# Time range: 2023-11-22T19:15:13 to 2023-11-22T19:16:13
# Attribute    pct   total     min     max     avg     95%  stddev  median
# ============ === ======= ======= ======= ======= ======= ======= =======
# Count          1    3676
# Exec time      1      7s   139us    79ms     2ms     8ms     4ms   467us
# Lock time      1    40ms       0    11ms    10us     1us   229us     1us
# Rows sent      0       0       0       0       0       0       0       0
# Rows examine   0   3.59k       1       1       1       1       0       1
# Query size     0 373.34k     104     104     104     104       0     104
# String:
# Databases    isucon
# Hosts        localhost
# Users        isucon
# Query_time distribution
#   1us
#  10us
# 100us  ################################################################
#   1ms  ###########################
#  10ms  ####
# 100ms
#    1s
#  10s+
# Tables
#    SHOW TABLE STATUS FROM `isucon` LIKE 'user_one_time_tokens'\G
#    SHOW CREATE TABLE `isucon`.`user_one_time_tokens`\G
UPDATE user_one_time_tokens SET deleted_at=1661714157 WHERE token='b619d62c-f770-4bc7-8de7-a379b1b2eac6'\G
# Converted for EXPLAIN
# EXPLAIN /*!50100 PARTITIONS*/
select  deleted_at=1661714157 from user_one_time_tokens where  token='b619d62c-f770-4bc7-8de7-a379b1b2eac6'\G

# Query 20: 159.20 QPS, 0.11x concurrency, ID 0xD858CC1645CE084FE3844E34483B662E at byte 144636668
# This item is included in the report because it matches --limit.
# Scores: V/M = 0.01
# Time range: 2023-11-22T19:15:12 to 2023-11-22T19:16:13
# Attribute    pct   total     min     max     avg     95%  stddev  median
# ============ === ======= ======= ======= ======= ======= ======= =======
# Count          2    9711
# Exec time      1      7s    61us    95ms   689us     2ms     3ms   138us
# Lock time      3   105ms       0    69ms    10us     1us   694us     1us
# Rows sent      0       0       0       0       0       0       0       0
# Rows examine   0   9.48k       1       1       1       1       0       1
# Query size     0 493.59k      46      57   52.05   54.21    2.88   49.17
# String:
# Databases    isucon
# Hosts        localhost
# Users        isucon
# Query_time distribution
#   1us
#  10us  ###################
# 100us  ################################################################
#   1ms  #########
#  10ms  #
# 100ms
#    1s
#  10s+
# Tables
#    SHOW TABLE STATUS FROM `isucon` LIKE 'users'\G
#    SHOW CREATE TABLE `isucon`.`users`\G
UPDATE users SET isu_coin=8629938088 WHERE id=4560632219\G
# Converted for EXPLAIN
# EXPLAIN /*!50100 PARTITIONS*/
select  isu_coin=8629938088 from users where  id=4560632219\G
